<?xml version="1.0" encoding="UTF-8"?>
<testsuite xmlns:xsi="http://www.w3.org/2001/XMLSchema-instance" xsi:noNamespaceSchemaLocation="https://maven.apache.org/surefire/maven-surefire-plugin/xsd/surefire-test-report-3.0.xsd" version="3.0" name="com.draekk.todomaster.controllers.GeneralControllerTest" time="1.424" tests="8" errors="8" skipped="0" failures="0">
  <properties>
[...]
</properties>
  <testcase name="testGetTaskList_long" classname="com.draekk.todomaster.controllers.GeneralControllerTest" time="0.811">
    <error message="Exception [EclipseLink-4003] (Eclipse Persistence Services - 2.7.12.v20230209-e5c4074ef3): org.eclipse.persistence.exceptions.DatabaseException&#10;Exception Description: Configuration error.  Class [org.postgresql.Driver] not found." type="javax.persistence.PersistenceException"><![CDATA[javax.persistence.PersistenceException: 
Exception [EclipseLink-4003] (Eclipse Persistence Services - 2.7.12.v20230209-e5c4074ef3): org.eclipse.persistence.exceptions.DatabaseException
Exception Description: Configuration error.  Class [org.postgresql.Driver] not found.
	at org.eclipse.persistence.internal.jpa.EntityManagerSetupImpl.deploy(EntityManagerSetupImpl.java:854)
	at org.eclipse.persistence.internal.jpa.EntityManagerFactoryDelegate.getAbstractSession(EntityManagerFactoryDelegate.java:222)
	at org.eclipse.persistence.internal.jpa.EntityManagerFactoryDelegate.getDatabaseSession(EntityManagerFactoryDelegate.java:200)
	at org.eclipse.persistence.internal.jpa.EntityManagerFactoryImpl.getDatabaseSession(EntityManagerFactoryImpl.java:542)
	at org.eclipse.persistence.jpa.PersistenceProvider.createEntityManagerFactoryImpl(PersistenceProvider.java:153)
	at org.eclipse.persistence.jpa.PersistenceProvider.createEntityManagerFactory(PersistenceProvider.java:191)
	at javax.persistence.Persistence.createEntityManagerFactory(Persistence.java:80)
	at javax.persistence.Persistence.createEntityManagerFactory(Persistence.java:55)
	at com.draekk.todomaster.persistence.UserJpaController.<init>(UserJpaController.java:32)
	at com.draekk.todomaster.persistence.PersistenceController.<init>(PersistenceController.java:11)
	at com.draekk.todomaster.controllers.GeneralController.<init>(GeneralController.java:15)
	at com.draekk.todomaster.controllers.GeneralControllerTest.testGetTaskList_long(GeneralControllerTest.java:117)
	at java.base/jdk.internal.reflect.NativeMethodAccessorImpl.invoke0(Native Method)
	at java.base/jdk.internal.reflect.NativeMethodAccessorImpl.invoke(NativeMethodAccessorImpl.java:77)
	at java.base/jdk.internal.reflect.DelegatingMethodAccessorImpl.invoke(DelegatingMethodAccessorImpl.java:43)
	at java.base/java.lang.reflect.Method.invoke(Method.java:568)
	at org.junit.platform.commons.util.ReflectionUtils.invokeMethod(ReflectionUtils.java:686)
	at org.junit.jupiter.engine.execution.MethodInvocation.proceed(MethodInvocation.java:60)
	at org.junit.jupiter.engine.execution.InvocationInterceptorChain$ValidatingInvocation.proceed(InvocationInterceptorChain.java:131)
	at org.junit.jupiter.engine.extension.TimeoutExtension.intercept(TimeoutExtension.java:149)
	at org.junit.jupiter.engine.extension.TimeoutExtension.interceptTestableMethod(TimeoutExtension.java:140)
	at org.junit.jupiter.engine.extension.TimeoutExtension.interceptTestMethod(TimeoutExtension.java:84)
	at org.junit.jupiter.engine.execution.ExecutableInvoker$ReflectiveInterceptorCall.lambda$ofVoidMethod$0(ExecutableInvoker.java:115)
	at org.junit.jupiter.engine.execution.ExecutableInvoker.lambda$invoke$0(ExecutableInvoker.java:105)
	at org.junit.jupiter.engine.execution.InvocationInterceptorChain$InterceptedInvocation.proceed(InvocationInterceptorChain.java:106)
	at org.junit.jupiter.engine.execution.InvocationInterceptorChain.proceed(InvocationInterceptorChain.java:64)
	at org.junit.jupiter.engine.execution.InvocationInterceptorChain.chainAndInvoke(InvocationInterceptorChain.java:45)
	at org.junit.jupiter.engine.execution.InvocationInterceptorChain.invoke(InvocationInterceptorChain.java:37)
	at org.junit.jupiter.engine.execution.ExecutableInvoker.invoke(ExecutableInvoker.java:104)
	at org.junit.jupiter.engine.execution.ExecutableInvoker.invoke(ExecutableInvoker.java:98)
	at org.junit.jupiter.engine.descriptor.TestMethodTestDescriptor.lambda$invokeTestMethod$6(TestMethodTestDescriptor.java:205)
	at org.junit.platform.engine.support.hierarchical.ThrowableCollector.execute(ThrowableCollector.java:73)
	at org.junit.jupiter.engine.descriptor.TestMethodTestDescriptor.invokeTestMethod(TestMethodTestDescriptor.java:201)
	at org.junit.jupiter.engine.descriptor.TestMethodTestDescriptor.execute(TestMethodTestDescriptor.java:137)
	at org.junit.jupiter.engine.descriptor.TestMethodTestDescriptor.execute(TestMethodTestDescriptor.java:71)
	at org.junit.platform.engine.support.hierarchical.NodeTestTask.lambda$executeRecursively$5(NodeTestTask.java:135)
	at org.junit.platform.engine.support.hierarchical.ThrowableCollector.execute(ThrowableCollector.java:73)
	at org.junit.platform.engine.support.hierarchical.NodeTestTask.lambda$executeRecursively$7(NodeTestTask.java:125)
	at org.junit.platform.engine.support.hierarchical.Node.around(Node.java:135)
	at org.junit.platform.engine.support.hierarchical.NodeTestTask.lambda$executeRecursively$8(NodeTestTask.java:123)
	at org.junit.platform.engine.support.hierarchical.ThrowableCollector.execute(ThrowableCollector.java:73)
	at org.junit.platform.engine.support.hierarchical.NodeTestTask.executeRecursively(NodeTestTask.java:122)
	at org.junit.platform.engine.support.hierarchical.NodeTestTask.execute(NodeTestTask.java:80)
	at java.base/java.util.ArrayList.forEach(ArrayList.java:1511)
	at org.junit.platform.engine.support.hierarchical.SameThreadHierarchicalTestExecutorService.invokeAll(SameThreadHierarchicalTestExecutorService.java:38)
	at org.junit.platform.engine.support.hierarchical.NodeTestTask.lambda$executeRecursively$5(NodeTestTask.java:139)
	at org.junit.platform.engine.support.hierarchical.ThrowableCollector.execute(ThrowableCollector.java:73)
	at org.junit.platform.engine.support.hierarchical.NodeTestTask.lambda$executeRecursively$7(NodeTestTask.java:125)
	at org.junit.platform.engine.support.hierarchical.Node.around(Node.java:135)
	at org.junit.platform.engine.support.hierarchical.NodeTestTask.lambda$executeRecursively$8(NodeTestTask.java:123)
	at org.junit.platform.engine.support.hierarchical.ThrowableCollector.execute(ThrowableCollector.java:73)
	at org.junit.platform.engine.support.hierarchical.NodeTestTask.executeRecursively(NodeTestTask.java:122)
	at org.junit.platform.engine.support.hierarchical.NodeTestTask.execute(NodeTestTask.java:80)
	at java.base/java.util.ArrayList.forEach(ArrayList.java:1511)
	at org.junit.platform.engine.support.hierarchical.SameThreadHierarchicalTestExecutorService.invokeAll(SameThreadHierarchicalTestExecutorService.java:38)
	at org.junit.platform.engine.support.hierarchical.NodeTestTask.lambda$executeRecursively$5(NodeTestTask.java:139)
	at org.junit.platform.engine.support.hierarchical.ThrowableCollector.execute(ThrowableCollector.java:73)
	at org.junit.platform.engine.support.hierarchical.NodeTestTask.lambda$executeRecursively$7(NodeTestTask.java:125)
	at org.junit.platform.engine.support.hierarchical.Node.around(Node.java:135)
	at org.junit.platform.engine.support.hierarchical.NodeTestTask.lambda$executeRecursively$8(NodeTestTask.java:123)
	at org.junit.platform.engine.support.hierarchical.ThrowableCollector.execute(ThrowableCollector.java:73)
	at org.junit.platform.engine.support.hierarchical.NodeTestTask.executeRecursively(NodeTestTask.java:122)
	at org.junit.platform.engine.support.hierarchical.NodeTestTask.execute(NodeTestTask.java:80)
	at org.junit.platform.engine.support.hierarchical.SameThreadHierarchicalTestExecutorService.submit(SameThreadHierarchicalTestExecutorService.java:32)
	at org.junit.platform.engine.support.hierarchical.HierarchicalTestExecutor.execute(HierarchicalTestExecutor.java:57)
	at org.junit.platform.engine.support.hierarchical.HierarchicalTestEngine.execute(HierarchicalTestEngine.java:51)
	at org.junit.platform.launcher.core.DefaultLauncher.execute(DefaultLauncher.java:248)
	at org.junit.platform.launcher.core.DefaultLauncher.lambda$execute$5(DefaultLauncher.java:211)
	at org.junit.platform.launcher.core.DefaultLauncher.withInterceptedStreams(DefaultLauncher.java:226)
	at org.junit.platform.launcher.core.DefaultLauncher.execute(DefaultLauncher.java:199)
	at org.junit.platform.launcher.core.DefaultLauncher.execute(DefaultLauncher.java:132)
	at org.apache.maven.surefire.junitplatform.LazyLauncher.execute(LazyLauncher.java:56)
	at org.apache.maven.surefire.junitplatform.JUnitPlatformProvider.execute(JUnitPlatformProvider.java:184)
	at org.apache.maven.surefire.junitplatform.JUnitPlatformProvider.invokeAllTests(JUnitPlatformProvider.java:148)
	at org.apache.maven.surefire.junitplatform.JUnitPlatformProvider.invoke(JUnitPlatformProvider.java:122)
	at org.apache.maven.surefire.booter.ForkedBooter.runSuitesInProcess(ForkedBooter.java:385)
	at org.apache.maven.surefire.booter.ForkedBooter.execute(ForkedBooter.java:162)
	at org.apache.maven.surefire.booter.ForkedBooter.run(ForkedBooter.java:507)
	at org.apache.maven.surefire.booter.ForkedBooter.main(ForkedBooter.java:495)
Caused by: Exception [EclipseLink-4003] (Eclipse Persistence Services - 2.7.12.v20230209-e5c4074ef3): org.eclipse.persistence.exceptions.DatabaseException
Exception Description: Configuration error.  Class [org.postgresql.Driver] not found.
	at org.eclipse.persistence.exceptions.DatabaseException.configurationErrorClassNotFound(DatabaseException.java:91)
	at org.eclipse.persistence.sessions.DefaultConnector.loadDriverClass(DefaultConnector.java:269)
	at org.eclipse.persistence.sessions.DefaultConnector.connect(DefaultConnector.java:87)
	at org.eclipse.persistence.sessions.DatasourceLogin.connectToDatasource(DatasourceLogin.java:172)
	at org.eclipse.persistence.internal.sessions.DatabaseSessionImpl.setOrDetectDatasource(DatabaseSessionImpl.java:226)
	at org.eclipse.persistence.internal.sessions.DatabaseSessionImpl.loginAndDetectDatasource(DatabaseSessionImpl.java:810)
	at org.eclipse.persistence.internal.jpa.EntityManagerFactoryProvider.login(EntityManagerFactoryProvider.java:261)
	at org.eclipse.persistence.internal.jpa.EntityManagerSetupImpl.deploy(EntityManagerSetupImpl.java:771)
	... 78 more
]]></error>
    <system-out><![CDATA[getTaskList
[EL Finest]: properties: 2023-12-08 23:52:59.674--ServerSession(1324843695)--Thread(Thread[main,5,main])--property=eclipselink.logging.parameters; value=true
[EL Fine]: server: 2023-12-08 23:52:59.686--Thread(Thread[main,5,main])--Configured server platform: org.eclipse.persistence.platform.server.NoServerPlatform
[EL Finest]: jpa: 2023-12-08 23:52:59.686--ServerSession(1324843695)--Thread(Thread[main,5,main])--Begin predeploying Persistence Unit TodoMasterPU; session /file:/C:/Users/asahi/OneDrive/Documentos/programacion/porfolio-projects/todo-app/todo-master/todomaster/target/classes/_TodoMasterPU; state Initial; factoryCount 0
[EL Finest]: properties: 2023-12-08 23:52:59.687--ServerSession(1324843695)--Thread(Thread[main,5,main])--property=eclipselink.orm.throw.exceptions; default value=true
[EL Finest]: properties: 2023-12-08 23:52:59.688--ServerSession(1324843695)--Thread(Thread[main,5,main])--property=eclipselink.multitenant.tenants-share-emf; default value=true
[EL Finest]: properties: 2023-12-08 23:52:59.688--ServerSession(1324843695)--Thread(Thread[main,5,main])--property=eclipselink.multitenant.tenants-share-cache; default value=false
[EL Finer]: metadata: 2023-12-08 23:52:59.705--Thread(Thread[main,5,main])--Searching for mapping file: [META-INF/orm.xml] at root URL: [file:/C:/Users/asahi/OneDrive/Documentos/programacion/porfolio-projects/todo-app/todo-master/todomaster/target/classes/].
[EL Finer]: metadata: 2023-12-08 23:52:59.71--Thread(Thread[main,5,main])--Searching for mapping file: [META-INF/eclipselink-orm.xml] at root URL: [file:/C:/Users/asahi/OneDrive/Documentos/programacion/porfolio-projects/todo-app/todo-master/todomaster/target/classes/].
[EL Config]: metadata: 2023-12-08 23:52:59.863--ServerSession(1324843695)--Thread(Thread[main,5,main])--The access type for the persistent class [class com.draekk.todomaster.models.User] is set to [FIELD].
[EL Config]: metadata: 2023-12-08 23:52:59.898--ServerSession(1324843695)--Thread(Thread[main,5,main])--The target entity (reference) class for the one to many mapping element [field tasks] is being defaulted to: class com.draekk.todomaster.models.Task.
[EL Config]: metadata: 2023-12-08 23:52:59.9--ServerSession(1324843695)--Thread(Thread[main,5,main])--The access type for the persistent class [class com.draekk.todomaster.models.Task] is set to [FIELD].
[EL Config]: metadata: 2023-12-08 23:52:59.902--ServerSession(1324843695)--Thread(Thread[main,5,main])--The target entity (reference) class for the many to one mapping element [field user] is being defaulted to: class com.draekk.todomaster.models.User.
[EL Config]: metadata: 2023-12-08 23:52:59.903--ServerSession(1324843695)--Thread(Thread[main,5,main])--The alias name for the entity class [class com.draekk.todomaster.models.User] is being defaulted to: User.
[EL Config]: metadata: 2023-12-08 23:52:59.941--ServerSession(1324843695)--Thread(Thread[main,5,main])--The column name for element [lastName] is being defaulted to: LASTNAME.
[EL Config]: metadata: 2023-12-08 23:52:59.944--ServerSession(1324843695)--Thread(Thread[main,5,main])--The column name for element [password] is being defaulted to: PASSWORD.
[EL Config]: metadata: 2023-12-08 23:52:59.944--ServerSession(1324843695)--Thread(Thread[main,5,main])--The column name for element [name] is being defaulted to: NAME.
[EL Config]: metadata: 2023-12-08 23:52:59.945--ServerSession(1324843695)--Thread(Thread[main,5,main])--The column name for element [id] is being defaulted to: ID.
[EL Config]: metadata: 2023-12-08 23:52:59.946--ServerSession(1324843695)--Thread(Thread[main,5,main])--The column name for element [email] is being defaulted to: EMAIL.
[EL Config]: metadata: 2023-12-08 23:52:59.946--ServerSession(1324843695)--Thread(Thread[main,5,main])--The column name for element [username] is being defaulted to: USERNAME.
[EL Config]: metadata: 2023-12-08 23:52:59.947--ServerSession(1324843695)--Thread(Thread[main,5,main])--The alias name for the entity class [class com.draekk.todomaster.models.Task] is being defaulted to: Task.
[EL Config]: metadata: 2023-12-08 23:52:59.948--ServerSession(1324843695)--Thread(Thread[main,5,main])--The column name for element [description] is being defaulted to: DESCRIPTION.
[EL Config]: metadata: 2023-12-08 23:52:59.948--ServerSession(1324843695)--Thread(Thread[main,5,main])--The column name for element [id] is being defaulted to: ID.
[EL Config]: metadata: 2023-12-08 23:52:59.949--ServerSession(1324843695)--Thread(Thread[main,5,main])--The column name for element [isCompleted] is being defaulted to: ISCOMPLETED.
[EL Config]: metadata: 2023-12-08 23:52:59.966--ServerSession(1324843695)--Thread(Thread[main,5,main])--The primary key column name for the mapping element [field user] is being defaulted to: ID.
[EL Finest]: jpa: 2023-12-08 23:53:00.003--ServerSession(1324843695)--Thread(Thread[main,5,main])--End predeploying Persistence Unit TodoMasterPU; session /file:/C:/Users/asahi/OneDrive/Documentos/programacion/porfolio-projects/todo-app/todo-master/todomaster/target/classes/_TodoMasterPU; state Predeployed; factoryCount 0
[EL Finer]: weaver: 2023-12-08 23:53:00.004--Thread(Thread[main,5,main])--JavaSECMPInitializer - transformer is null.
[EL Finest]: jpa: 2023-12-08 23:53:00.004--ServerSession(1324843695)--Thread(Thread[main,5,main])--Begin predeploying Persistence Unit TodoMasterPU; session /file:/C:/Users/asahi/OneDrive/Documentos/programacion/porfolio-projects/todo-app/todo-master/todomaster/target/classes/_TodoMasterPU; state Predeployed; factoryCount 0
[EL Finest]: jpa: 2023-12-08 23:53:00.005--ServerSession(1324843695)--Thread(Thread[main,5,main])--End predeploying Persistence Unit TodoMasterPU; session /file:/C:/Users/asahi/OneDrive/Documentos/programacion/porfolio-projects/todo-app/todo-master/todomaster/target/classes/_TodoMasterPU; state Predeployed; factoryCount 1
[EL Finer]: metamodel: 2023-12-08 23:53:00.018--ServerSession(1324843695)--Thread(Thread[main,5,main])--Canonical Metamodel class [com.draekk.todomaster.models.Task_] found and instantiated during initialization.
[EL Finer]: metamodel: 2023-12-08 23:53:00.021--ServerSession(1324843695)--Thread(Thread[main,5,main])--Canonical Metamodel class [com.draekk.todomaster.models.User_] found and instantiated during initialization.
[EL Finest]: jpa: 2023-12-08 23:53:00.023--ServerSession(1324843695)--Thread(Thread[main,5,main])--Begin deploying Persistence Unit TodoMasterPU; session /file:/C:/Users/asahi/OneDrive/Documentos/programacion/porfolio-projects/todo-app/todo-master/todomaster/target/classes/_TodoMasterPU; state Predeployed; factoryCount 1
[EL Finest]: jpa: 2023-12-08 23:53:00.048--ServerSession(1324843695)--Thread(Thread[main,5,main])--Bean Validation Factory was not initialized: [javax/validation/Validation].
[EL Finer]: 2023-12-08 23:53:00.051--Thread(Thread[main,5,main])--initializing session manager
[EL Finest]: properties: 2023-12-08 23:53:00.052--ServerSession(1324843695)--Thread(Thread[main,5,main])--property=eclipselink.logging.level; value=FINEST; translated value=FINEST
[EL Finest]: properties: 2023-12-08 23:53:00.053--ServerSession(1324843695)--Thread(Thread[main,5,main])--property=eclipselink.logging.parameters; value=true
[EL Finest]: properties: 2023-12-08 23:53:00.053--ServerSession(1324843695)--Thread(Thread[main,5,main])--property=eclipselink.logging.level; value=FINEST; translated value=FINEST
[EL Finest]: properties: 2023-12-08 23:53:00.054--ServerSession(1324843695)--Thread(Thread[main,5,main])--property=eclipselink.logging.parameters; value=true
[EL Finest]: properties: 2023-12-08 23:53:00.056--ServerSession(1324843695)--Thread(Thread[main,5,main])--property=javax.persistence.jdbc.user; value=postgres
[EL Finest]: properties: 2023-12-08 23:53:00.057--ServerSession(1324843695)--Thread(Thread[main,5,main])--property=javax.persistence.jdbc.password; value=xxxxxx
[EL Finest]: properties: 2023-12-08 23:53:00.155--ServerSession(1324843695)--Thread(Thread[main,5,main])--property=javax.persistence.jdbc.driver; value=org.postgresql.Driver
[EL Finest]: properties: 2023-12-08 23:53:00.155--ServerSession(1324843695)--Thread(Thread[main,5,main])--property=javax.persistence.jdbc.url; value=jdbc:postgresql://monorail.proxy.rlwy.net:32742/railway
[EL Info]: 2023-12-08 23:53:00.158--ServerSession(1324843695)--Thread(Thread[main,5,main])--EclipseLink, version: Eclipse Persistence Services - 2.7.12.v20230209-e5c4074ef3
[EL Severe]: ejb: 2023-12-08 23:53:00.164--ServerSession(1324843695)--Thread(Thread[main,5,main])--Local Exception Stack: 
Exception [EclipseLink-4003] (Eclipse Persistence Services - 2.7.12.v20230209-e5c4074ef3): org.eclipse.persistence.exceptions.DatabaseException
Exception Description: Configuration error.  Class [org.postgresql.Driver] not found.
	at org.eclipse.persistence.exceptions.DatabaseException.configurationErrorClassNotFound(DatabaseException.java:91)
	at org.eclipse.persistence.sessions.DefaultConnector.loadDriverClass(DefaultConnector.java:269)
	at org.eclipse.persistence.sessions.DefaultConnector.connect(DefaultConnector.java:87)
	at org.eclipse.persistence.sessions.DatasourceLogin.connectToDatasource(DatasourceLogin.java:172)
	at org.eclipse.persistence.internal.sessions.DatabaseSessionImpl.setOrDetectDatasource(DatabaseSessionImpl.java:226)
	at org.eclipse.persistence.internal.sessions.DatabaseSessionImpl.loginAndDetectDatasource(DatabaseSessionImpl.java:810)
	at org.eclipse.persistence.internal.jpa.EntityManagerFactoryProvider.login(EntityManagerFactoryProvider.java:261)
	at org.eclipse.persistence.internal.jpa.EntityManagerSetupImpl.deploy(EntityManagerSetupImpl.java:771)
	at org.eclipse.persistence.internal.jpa.EntityManagerFactoryDelegate.getAbstractSession(EntityManagerFactoryDelegate.java:222)
	at org.eclipse.persistence.internal.jpa.EntityManagerFactoryDelegate.getDatabaseSession(EntityManagerFactoryDelegate.java:200)
	at org.eclipse.persistence.internal.jpa.EntityManagerFactoryImpl.getDatabaseSession(EntityManagerFactoryImpl.java:542)
	at org.eclipse.persistence.jpa.PersistenceProvider.createEntityManagerFactoryImpl(PersistenceProvider.java:153)
	at org.eclipse.persistence.jpa.PersistenceProvider.createEntityManagerFactory(PersistenceProvider.java:191)
	at javax.persistence.Persistence.createEntityManagerFactory(Persistence.java:80)
	at javax.persistence.Persistence.createEntityManagerFactory(Persistence.java:55)
	at com.draekk.todomaster.persistence.UserJpaController.<init>(UserJpaController.java:32)
	at com.draekk.todomaster.persistence.PersistenceController.<init>(PersistenceController.java:11)
	at com.draekk.todomaster.controllers.GeneralController.<init>(GeneralController.java:15)
	at com.draekk.todomaster.controllers.GeneralControllerTest.testGetTaskList_long(GeneralControllerTest.java:117)
	at java.base/jdk.internal.reflect.NativeMethodAccessorImpl.invoke0(Native Method)
	at java.base/jdk.internal.reflect.NativeMethodAccessorImpl.invoke(NativeMethodAccessorImpl.java:77)
	at java.base/jdk.internal.reflect.DelegatingMethodAccessorImpl.invoke(DelegatingMethodAccessorImpl.java:43)
	at java.base/java.lang.reflect.Method.invoke(Method.java:568)
	at org.junit.platform.commons.util.ReflectionUtils.invokeMethod(ReflectionUtils.java:686)
	at org.junit.jupiter.engine.execution.MethodInvocation.proceed(MethodInvocation.java:60)
	at org.junit.jupiter.engine.execution.InvocationInterceptorChain$ValidatingInvocation.proceed(InvocationInterceptorChain.java:131)
	at org.junit.jupiter.engine.extension.TimeoutExtension.intercept(TimeoutExtension.java:149)
	at org.junit.jupiter.engine.extension.TimeoutExtension.interceptTestableMethod(TimeoutExtension.java:140)
	at org.junit.jupiter.engine.extension.TimeoutExtension.interceptTestMethod(TimeoutExtension.java:84)
	at org.junit.jupiter.engine.execution.ExecutableInvoker$ReflectiveInterceptorCall.lambda$ofVoidMethod$0(ExecutableInvoker.java:115)
	at org.junit.jupiter.engine.execution.ExecutableInvoker.lambda$invoke$0(ExecutableInvoker.java:105)
	at org.junit.jupiter.engine.execution.InvocationInterceptorChain$InterceptedInvocation.proceed(InvocationInterceptorChain.java:106)
	at org.junit.jupiter.engine.execution.InvocationInterceptorChain.proceed(InvocationInterceptorChain.java:64)
	at org.junit.jupiter.engine.execution.InvocationInterceptorChain.chainAndInvoke(InvocationInterceptorChain.java:45)
	at org.junit.jupiter.engine.execution.InvocationInterceptorChain.invoke(InvocationInterceptorChain.java:37)
	at org.junit.jupiter.engine.execution.ExecutableInvoker.invoke(ExecutableInvoker.java:104)
	at org.junit.jupiter.engine.execution.ExecutableInvoker.invoke(ExecutableInvoker.java:98)
	at org.junit.jupiter.engine.descriptor.TestMethodTestDescriptor.lambda$invokeTestMethod$6(TestMethodTestDescriptor.java:205)
	at org.junit.platform.engine.support.hierarchical.ThrowableCollector.execute(ThrowableCollector.java:73)
	at org.junit.jupiter.engine.descriptor.TestMethodTestDescriptor.invokeTestMethod(TestMethodTestDescriptor.java:201)
	at org.junit.jupiter.engine.descriptor.TestMethodTestDescriptor.execute(TestMethodTestDescriptor.java:137)
	at org.junit.jupiter.engine.descriptor.TestMethodTestDescriptor.execute(TestMethodTestDescriptor.java:71)
	at org.junit.platform.engine.support.hierarchical.NodeTestTask.lambda$executeRecursively$5(NodeTestTask.java:135)
	at org.junit.platform.engine.support.hierarchical.ThrowableCollector.execute(ThrowableCollector.java:73)
	at org.junit.platform.engine.support.hierarchical.NodeTestTask.lambda$executeRecursively$7(NodeTestTask.java:125)
	at org.junit.platform.engine.support.hierarchical.Node.around(Node.java:135)
	at org.junit.platform.engine.support.hierarchical.NodeTestTask.lambda$executeRecursively$8(NodeTestTask.java:123)
	at org.junit.platform.engine.support.hierarchical.ThrowableCollector.execute(ThrowableCollector.java:73)
	at org.junit.platform.engine.support.hierarchical.NodeTestTask.executeRecursively(NodeTestTask.java:122)
	at org.junit.platform.engine.support.hierarchical.NodeTestTask.execute(NodeTestTask.java:80)
	at java.base/java.util.ArrayList.forEach(ArrayList.java:1511)
	at org.junit.platform.engine.support.hierarchical.SameThreadHierarchicalTestExecutorService.invokeAll(SameThreadHierarchicalTestExecutorService.java:38)
	at org.junit.platform.engine.support.hierarchical.NodeTestTask.lambda$executeRecursively$5(NodeTestTask.java:139)
	at org.junit.platform.engine.support.hierarchical.ThrowableCollector.execute(ThrowableCollector.java:73)
	at org.junit.platform.engine.support.hierarchical.NodeTestTask.lambda$executeRecursively$7(NodeTestTask.java:125)
	at org.junit.platform.engine.support.hierarchical.Node.around(Node.java:135)
	at org.junit.platform.engine.support.hierarchical.NodeTestTask.lambda$executeRecursively$8(NodeTestTask.java:123)
	at org.junit.platform.engine.support.hierarchical.ThrowableCollector.execute(ThrowableCollector.java:73)
	at org.junit.platform.engine.support.hierarchical.NodeTestTask.executeRecursively(NodeTestTask.java:122)
	at org.junit.platform.engine.support.hierarchical.NodeTestTask.execute(NodeTestTask.java:80)
	at java.base/java.util.ArrayList.forEach(ArrayList.java:1511)
	at org.junit.platform.engine.support.hierarchical.SameThreadHierarchicalTestExecutorService.invokeAll(SameThreadHierarchicalTestExecutorService.java:38)
	at org.junit.platform.engine.support.hierarchical.NodeTestTask.lambda$executeRecursively$5(NodeTestTask.java:139)
	at org.junit.platform.engine.support.hierarchical.ThrowableCollector.execute(ThrowableCollector.java:73)
	at org.junit.platform.engine.support.hierarchical.NodeTestTask.lambda$executeRecursively$7(NodeTestTask.java:125)
	at org.junit.platform.engine.support.hierarchical.Node.around(Node.java:135)
	at org.junit.platform.engine.support.hierarchical.NodeTestTask.lambda$executeRecursively$8(NodeTestTask.java:123)
	at org.junit.platform.engine.support.hierarchical.ThrowableCollector.execute(ThrowableCollector.java:73)
	at org.junit.platform.engine.support.hierarchical.NodeTestTask.executeRecursively(NodeTestTask.java:122)
	at org.junit.platform.engine.support.hierarchical.NodeTestTask.execute(NodeTestTask.java:80)
	at org.junit.platform.engine.support.hierarchical.SameThreadHierarchicalTestExecutorService.submit(SameThreadHierarchicalTestExecutorService.java:32)
	at org.junit.platform.engine.support.hierarchical.HierarchicalTestExecutor.execute(HierarchicalTestExecutor.java:57)
	at org.junit.platform.engine.support.hierarchical.HierarchicalTestEngine.execute(HierarchicalTestEngine.java:51)
	at org.junit.platform.launcher.core.DefaultLauncher.execute(DefaultLauncher.java:248)
	at org.junit.platform.launcher.core.DefaultLauncher.lambda$execute$5(DefaultLauncher.java:211)
	at org.junit.platform.launcher.core.DefaultLauncher.withInterceptedStreams(DefaultLauncher.java:226)
	at org.junit.platform.launcher.core.DefaultLauncher.execute(DefaultLauncher.java:199)
	at org.junit.platform.launcher.core.DefaultLauncher.execute(DefaultLauncher.java:132)
	at org.apache.maven.surefire.junitplatform.LazyLauncher.execute(LazyLauncher.java:56)
	at org.apache.maven.surefire.junitplatform.JUnitPlatformProvider.execute(JUnitPlatformProvider.java:184)
	at org.apache.maven.surefire.junitplatform.JUnitPlatformProvider.invokeAllTests(JUnitPlatformProvider.java:148)
	at org.apache.maven.surefire.junitplatform.JUnitPlatformProvider.invoke(JUnitPlatformProvider.java:122)
	at org.apache.maven.surefire.booter.ForkedBooter.runSuitesInProcess(ForkedBooter.java:385)
	at org.apache.maven.surefire.booter.ForkedBooter.execute(ForkedBooter.java:162)
	at org.apache.maven.surefire.booter.ForkedBooter.run(ForkedBooter.java:507)
	at org.apache.maven.surefire.booter.ForkedBooter.main(ForkedBooter.java:495)

[EL Finest]: jpa: 2023-12-08 23:53:00.168--ServerSession(1324843695)--Thread(Thread[main,5,main])--End deploying Persistence Unit TodoMasterPU; session /file:/C:/Users/asahi/OneDrive/Documentos/programacion/porfolio-projects/todo-app/todo-master/todomaster/target/classes/_TodoMasterPU; state HalfDeployed; factoryCount 1
[EL Finest]: jpa: 2023-12-08 23:53:00.169--ServerSession(1324843695)--Thread(Thread[main,5,main])--Begin undeploying Persistence Unit TodoMasterPU; session /file:/C:/Users/asahi/OneDrive/Documentos/programacion/porfolio-projects/todo-app/todo-master/todomaster/target/classes/_TodoMasterPU; state HalfDeployed; factoryCount 1
[EL Finest]: jpa: 2023-12-08 23:53:00.169--ServerSession(1324843695)--Thread(Thread[main,5,main])--End undeploying Persistence Unit TodoMasterPU; session /file:/C:/Users/asahi/OneDrive/Documentos/programacion/porfolio-projects/todo-app/todo-master/todomaster/target/classes/_TodoMasterPU; state Undeployed; factoryCount 0
]]></system-out>
  </testcase>
  <testcase name="testGetLoginUser" classname="com.draekk.todomaster.controllers.GeneralControllerTest" time="0.094">
    <error message="Exception [EclipseLink-4003] (Eclipse Persistence Services - 2.7.12.v20230209-e5c4074ef3): org.eclipse.persistence.exceptions.DatabaseException&#10;Exception Description: Configuration error.  Class [org.postgresql.Driver] not found." type="javax.persistence.PersistenceException"><![CDATA[javax.persistence.PersistenceException: 
Exception [EclipseLink-4003] (Eclipse Persistence Services - 2.7.12.v20230209-e5c4074ef3): org.eclipse.persistence.exceptions.DatabaseException
Exception Description: Configuration error.  Class [org.postgresql.Driver] not found.
	at org.eclipse.persistence.internal.jpa.EntityManagerSetupImpl.deploy(EntityManagerSetupImpl.java:854)
	at org.eclipse.persistence.internal.jpa.EntityManagerFactoryDelegate.getAbstractSession(EntityManagerFactoryDelegate.java:222)
	at org.eclipse.persistence.internal.jpa.EntityManagerFactoryDelegate.getDatabaseSession(EntityManagerFactoryDelegate.java:200)
	at org.eclipse.persistence.internal.jpa.EntityManagerFactoryImpl.getDatabaseSession(EntityManagerFactoryImpl.java:542)
	at org.eclipse.persistence.jpa.PersistenceProvider.createEntityManagerFactoryImpl(PersistenceProvider.java:153)
	at org.eclipse.persistence.jpa.PersistenceProvider.createEntityManagerFactory(PersistenceProvider.java:191)
	at javax.persistence.Persistence.createEntityManagerFactory(Persistence.java:80)
	at javax.persistence.Persistence.createEntityManagerFactory(Persistence.java:55)
	at com.draekk.todomaster.persistence.UserJpaController.<init>(UserJpaController.java:32)
	at com.draekk.todomaster.persistence.PersistenceController.<init>(PersistenceController.java:11)
	at com.draekk.todomaster.controllers.GeneralController.<init>(GeneralController.java:15)
	at com.draekk.todomaster.controllers.GeneralControllerTest.testGetLoginUser(GeneralControllerTest.java:74)
	at java.base/jdk.internal.reflect.NativeMethodAccessorImpl.invoke0(Native Method)
	at java.base/jdk.internal.reflect.NativeMethodAccessorImpl.invoke(NativeMethodAccessorImpl.java:77)
	at java.base/jdk.internal.reflect.DelegatingMethodAccessorImpl.invoke(DelegatingMethodAccessorImpl.java:43)
	at java.base/java.lang.reflect.Method.invoke(Method.java:568)
	at org.junit.platform.commons.util.ReflectionUtils.invokeMethod(ReflectionUtils.java:686)
	at org.junit.jupiter.engine.execution.MethodInvocation.proceed(MethodInvocation.java:60)
	at org.junit.jupiter.engine.execution.InvocationInterceptorChain$ValidatingInvocation.proceed(InvocationInterceptorChain.java:131)
	at org.junit.jupiter.engine.extension.TimeoutExtension.intercept(TimeoutExtension.java:149)
	at org.junit.jupiter.engine.extension.TimeoutExtension.interceptTestableMethod(TimeoutExtension.java:140)
	at org.junit.jupiter.engine.extension.TimeoutExtension.interceptTestMethod(TimeoutExtension.java:84)
	at org.junit.jupiter.engine.execution.ExecutableInvoker$ReflectiveInterceptorCall.lambda$ofVoidMethod$0(ExecutableInvoker.java:115)
	at org.junit.jupiter.engine.execution.ExecutableInvoker.lambda$invoke$0(ExecutableInvoker.java:105)
	at org.junit.jupiter.engine.execution.InvocationInterceptorChain$InterceptedInvocation.proceed(InvocationInterceptorChain.java:106)
	at org.junit.jupiter.engine.execution.InvocationInterceptorChain.proceed(InvocationInterceptorChain.java:64)
	at org.junit.jupiter.engine.execution.InvocationInterceptorChain.chainAndInvoke(InvocationInterceptorChain.java:45)
	at org.junit.jupiter.engine.execution.InvocationInterceptorChain.invoke(InvocationInterceptorChain.java:37)
	at org.junit.jupiter.engine.execution.ExecutableInvoker.invoke(ExecutableInvoker.java:104)
	at org.junit.jupiter.engine.execution.ExecutableInvoker.invoke(ExecutableInvoker.java:98)
	at org.junit.jupiter.engine.descriptor.TestMethodTestDescriptor.lambda$invokeTestMethod$6(TestMethodTestDescriptor.java:205)
	at org.junit.platform.engine.support.hierarchical.ThrowableCollector.execute(ThrowableCollector.java:73)
	at org.junit.jupiter.engine.descriptor.TestMethodTestDescriptor.invokeTestMethod(TestMethodTestDescriptor.java:201)
	at org.junit.jupiter.engine.descriptor.TestMethodTestDescriptor.execute(TestMethodTestDescriptor.java:137)
	at org.junit.jupiter.engine.descriptor.TestMethodTestDescriptor.execute(TestMethodTestDescriptor.java:71)
	at org.junit.platform.engine.support.hierarchical.NodeTestTask.lambda$executeRecursively$5(NodeTestTask.java:135)
	at org.junit.platform.engine.support.hierarchical.ThrowableCollector.execute(ThrowableCollector.java:73)
	at org.junit.platform.engine.support.hierarchical.NodeTestTask.lambda$executeRecursively$7(NodeTestTask.java:125)
	at org.junit.platform.engine.support.hierarchical.Node.around(Node.java:135)
	at org.junit.platform.engine.support.hierarchical.NodeTestTask.lambda$executeRecursively$8(NodeTestTask.java:123)
	at org.junit.platform.engine.support.hierarchical.ThrowableCollector.execute(ThrowableCollector.java:73)
	at org.junit.platform.engine.support.hierarchical.NodeTestTask.executeRecursively(NodeTestTask.java:122)
	at org.junit.platform.engine.support.hierarchical.NodeTestTask.execute(NodeTestTask.java:80)
	at java.base/java.util.ArrayList.forEach(ArrayList.java:1511)
	at org.junit.platform.engine.support.hierarchical.SameThreadHierarchicalTestExecutorService.invokeAll(SameThreadHierarchicalTestExecutorService.java:38)
	at org.junit.platform.engine.support.hierarchical.NodeTestTask.lambda$executeRecursively$5(NodeTestTask.java:139)
	at org.junit.platform.engine.support.hierarchical.ThrowableCollector.execute(ThrowableCollector.java:73)
	at org.junit.platform.engine.support.hierarchical.NodeTestTask.lambda$executeRecursively$7(NodeTestTask.java:125)
	at org.junit.platform.engine.support.hierarchical.Node.around(Node.java:135)
	at org.junit.platform.engine.support.hierarchical.NodeTestTask.lambda$executeRecursively$8(NodeTestTask.java:123)
	at org.junit.platform.engine.support.hierarchical.ThrowableCollector.execute(ThrowableCollector.java:73)
	at org.junit.platform.engine.support.hierarchical.NodeTestTask.executeRecursively(NodeTestTask.java:122)
	at org.junit.platform.engine.support.hierarchical.NodeTestTask.execute(NodeTestTask.java:80)
	at java.base/java.util.ArrayList.forEach(ArrayList.java:1511)
	at org.junit.platform.engine.support.hierarchical.SameThreadHierarchicalTestExecutorService.invokeAll(SameThreadHierarchicalTestExecutorService.java:38)
	at org.junit.platform.engine.support.hierarchical.NodeTestTask.lambda$executeRecursively$5(NodeTestTask.java:139)
	at org.junit.platform.engine.support.hierarchical.ThrowableCollector.execute(ThrowableCollector.java:73)
	at org.junit.platform.engine.support.hierarchical.NodeTestTask.lambda$executeRecursively$7(NodeTestTask.java:125)
	at org.junit.platform.engine.support.hierarchical.Node.around(Node.java:135)
	at org.junit.platform.engine.support.hierarchical.NodeTestTask.lambda$executeRecursively$8(NodeTestTask.java:123)
	at org.junit.platform.engine.support.hierarchical.ThrowableCollector.execute(ThrowableCollector.java:73)
	at org.junit.platform.engine.support.hierarchical.NodeTestTask.executeRecursively(NodeTestTask.java:122)
	at org.junit.platform.engine.support.hierarchical.NodeTestTask.execute(NodeTestTask.java:80)
	at org.junit.platform.engine.support.hierarchical.SameThreadHierarchicalTestExecutorService.submit(SameThreadHierarchicalTestExecutorService.java:32)
	at org.junit.platform.engine.support.hierarchical.HierarchicalTestExecutor.execute(HierarchicalTestExecutor.java:57)
	at org.junit.platform.engine.support.hierarchical.HierarchicalTestEngine.execute(HierarchicalTestEngine.java:51)
	at org.junit.platform.launcher.core.DefaultLauncher.execute(DefaultLauncher.java:248)
	at org.junit.platform.launcher.core.DefaultLauncher.lambda$execute$5(DefaultLauncher.java:211)
	at org.junit.platform.launcher.core.DefaultLauncher.withInterceptedStreams(DefaultLauncher.java:226)
	at org.junit.platform.launcher.core.DefaultLauncher.execute(DefaultLauncher.java:199)
	at org.junit.platform.launcher.core.DefaultLauncher.execute(DefaultLauncher.java:132)
	at org.apache.maven.surefire.junitplatform.LazyLauncher.execute(LazyLauncher.java:56)
	at org.apache.maven.surefire.junitplatform.JUnitPlatformProvider.execute(JUnitPlatformProvider.java:184)
	at org.apache.maven.surefire.junitplatform.JUnitPlatformProvider.invokeAllTests(JUnitPlatformProvider.java:148)
	at org.apache.maven.surefire.junitplatform.JUnitPlatformProvider.invoke(JUnitPlatformProvider.java:122)
	at org.apache.maven.surefire.booter.ForkedBooter.runSuitesInProcess(ForkedBooter.java:385)
	at org.apache.maven.surefire.booter.ForkedBooter.execute(ForkedBooter.java:162)
	at org.apache.maven.surefire.booter.ForkedBooter.run(ForkedBooter.java:507)
	at org.apache.maven.surefire.booter.ForkedBooter.main(ForkedBooter.java:495)
Caused by: Exception [EclipseLink-4003] (Eclipse Persistence Services - 2.7.12.v20230209-e5c4074ef3): org.eclipse.persistence.exceptions.DatabaseException
Exception Description: Configuration error.  Class [org.postgresql.Driver] not found.
	at org.eclipse.persistence.exceptions.DatabaseException.configurationErrorClassNotFound(DatabaseException.java:91)
	at org.eclipse.persistence.sessions.DefaultConnector.loadDriverClass(DefaultConnector.java:269)
	at org.eclipse.persistence.sessions.DefaultConnector.connect(DefaultConnector.java:87)
	at org.eclipse.persistence.sessions.DatasourceLogin.connectToDatasource(DatasourceLogin.java:172)
	at org.eclipse.persistence.internal.sessions.DatabaseSessionImpl.setOrDetectDatasource(DatabaseSessionImpl.java:226)
	at org.eclipse.persistence.internal.sessions.DatabaseSessionImpl.loginAndDetectDatasource(DatabaseSessionImpl.java:810)
	at org.eclipse.persistence.internal.jpa.EntityManagerFactoryProvider.login(EntityManagerFactoryProvider.java:261)
	at org.eclipse.persistence.internal.jpa.EntityManagerSetupImpl.deploy(EntityManagerSetupImpl.java:771)
	... 78 more
]]></error>
    <system-out><![CDATA[getLoginUser
[EL Finer]: 2023-12-08 23:53:00.196--Thread(Thread[main,5,main])--fixUNC: before fixing: url = file:/C:/Users/asahi/OneDrive/Documentos/programacion/porfolio-projects/todo-app/todo-master/todomaster/target/classes/, authority = , file = /C:/Users/asahi/OneDrive/Documentos/programacion/porfolio-projects/todo-app/todo-master/todomaster/target/classes/ (There is no English translation for this message.)
[EL Finer]: 2023-12-08 23:53:00.2--Thread(Thread[main,5,main])--fixUNC: after fixing: url = file:/C:/Users/asahi/OneDrive/Documentos/programacion/porfolio-projects/todo-app/todo-master/todomaster/target/classes/, authority = null, file = /C:/Users/asahi/OneDrive/Documentos/programacion/porfolio-projects/todo-app/todo-master/todomaster/target/classes/ (There is no English translation for this message.)
[EL Fine]: moxy: 2023-12-08 23:53:00.21--Thread(Thread[main,5,main])--SAXParserFactory instance: com.sun.org.apache.xerces.internal.jaxp.SAXParserFactoryImpl@5c8504fd
[EL Finer]: jpa: 2023-12-08 23:53:00.213--Thread(Thread[main,5,main])--JavaSECMPInitializer - predeploying TodoMasterPU.
[EL Finest]: properties: 2023-12-08 23:53:00.221--ServerSession(79161706)--Thread(Thread[main,5,main])--property=eclipselink.logging.parameters; value=true
[EL Fine]: server: 2023-12-08 23:53:00.221--Thread(Thread[main,5,main])--Configured server platform: org.eclipse.persistence.platform.server.NoServerPlatform
[EL Finest]: jpa: 2023-12-08 23:53:00.221--ServerSession(79161706)--Thread(Thread[main,5,main])--Begin predeploying Persistence Unit TodoMasterPU; session /file:/C:/Users/asahi/OneDrive/Documentos/programacion/porfolio-projects/todo-app/todo-master/todomaster/target/classes/_TodoMasterPU; state Initial; factoryCount 0
[EL Finest]: properties: 2023-12-08 23:53:00.222--ServerSession(79161706)--Thread(Thread[main,5,main])--property=eclipselink.orm.throw.exceptions; default value=true
[EL Finest]: properties: 2023-12-08 23:53:00.222--ServerSession(79161706)--Thread(Thread[main,5,main])--property=eclipselink.multitenant.tenants-share-emf; default value=true
[EL Finest]: properties: 2023-12-08 23:53:00.222--ServerSession(79161706)--Thread(Thread[main,5,main])--property=eclipselink.multitenant.tenants-share-cache; default value=false
[EL Finer]: metadata: 2023-12-08 23:53:00.223--Thread(Thread[main,5,main])--Searching for mapping file: [META-INF/orm.xml] at root URL: [file:/C:/Users/asahi/OneDrive/Documentos/programacion/porfolio-projects/todo-app/todo-master/todomaster/target/classes/].
[EL Finer]: metadata: 2023-12-08 23:53:00.231--Thread(Thread[main,5,main])--Searching for mapping file: [META-INF/eclipselink-orm.xml] at root URL: [file:/C:/Users/asahi/OneDrive/Documentos/programacion/porfolio-projects/todo-app/todo-master/todomaster/target/classes/].
[EL Config]: metadata: 2023-12-08 23:53:00.266--ServerSession(79161706)--Thread(Thread[main,5,main])--The access type for the persistent class [class com.draekk.todomaster.models.User] is set to [FIELD].
[EL Config]: metadata: 2023-12-08 23:53:00.269--ServerSession(79161706)--Thread(Thread[main,5,main])--The target entity (reference) class for the one to many mapping element [field tasks] is being defaulted to: class com.draekk.todomaster.models.Task.
[EL Config]: metadata: 2023-12-08 23:53:00.27--ServerSession(79161706)--Thread(Thread[main,5,main])--The access type for the persistent class [class com.draekk.todomaster.models.Task] is set to [FIELD].
[EL Config]: metadata: 2023-12-08 23:53:00.271--ServerSession(79161706)--Thread(Thread[main,5,main])--The target entity (reference) class for the many to one mapping element [field user] is being defaulted to: class com.draekk.todomaster.models.User.
[EL Config]: metadata: 2023-12-08 23:53:00.271--ServerSession(79161706)--Thread(Thread[main,5,main])--The alias name for the entity class [class com.draekk.todomaster.models.User] is being defaulted to: User.
[EL Config]: metadata: 2023-12-08 23:53:00.272--ServerSession(79161706)--Thread(Thread[main,5,main])--The column name for element [lastName] is being defaulted to: LASTNAME.
[EL Config]: metadata: 2023-12-08 23:53:00.272--ServerSession(79161706)--Thread(Thread[main,5,main])--The column name for element [password] is being defaulted to: PASSWORD.
[EL Config]: metadata: 2023-12-08 23:53:00.272--ServerSession(79161706)--Thread(Thread[main,5,main])--The column name for element [name] is being defaulted to: NAME.
[EL Config]: metadata: 2023-12-08 23:53:00.273--ServerSession(79161706)--Thread(Thread[main,5,main])--The column name for element [id] is being defaulted to: ID.
[EL Config]: metadata: 2023-12-08 23:53:00.273--ServerSession(79161706)--Thread(Thread[main,5,main])--The column name for element [email] is being defaulted to: EMAIL.
[EL Config]: metadata: 2023-12-08 23:53:00.274--ServerSession(79161706)--Thread(Thread[main,5,main])--The column name for element [username] is being defaulted to: USERNAME.
[EL Config]: metadata: 2023-12-08 23:53:00.274--ServerSession(79161706)--Thread(Thread[main,5,main])--The alias name for the entity class [class com.draekk.todomaster.models.Task] is being defaulted to: Task.
[EL Config]: metadata: 2023-12-08 23:53:00.274--ServerSession(79161706)--Thread(Thread[main,5,main])--The column name for element [description] is being defaulted to: DESCRIPTION.
[EL Config]: metadata: 2023-12-08 23:53:00.275--ServerSession(79161706)--Thread(Thread[main,5,main])--The column name for element [id] is being defaulted to: ID.
[EL Config]: metadata: 2023-12-08 23:53:00.275--ServerSession(79161706)--Thread(Thread[main,5,main])--The column name for element [isCompleted] is being defaulted to: ISCOMPLETED.
[EL Config]: metadata: 2023-12-08 23:53:00.275--ServerSession(79161706)--Thread(Thread[main,5,main])--The primary key column name for the mapping element [field user] is being defaulted to: ID.
[EL Finest]: jpa: 2023-12-08 23:53:00.276--ServerSession(79161706)--Thread(Thread[main,5,main])--End predeploying Persistence Unit TodoMasterPU; session /file:/C:/Users/asahi/OneDrive/Documentos/programacion/porfolio-projects/todo-app/todo-master/todomaster/target/classes/_TodoMasterPU; state Predeployed; factoryCount 0
[EL Finer]: weaver: 2023-12-08 23:53:00.277--Thread(Thread[main,5,main])--JavaSECMPInitializer - transformer is null.
[EL Finest]: jpa: 2023-12-08 23:53:00.277--ServerSession(79161706)--Thread(Thread[main,5,main])--Begin predeploying Persistence Unit TodoMasterPU; session /file:/C:/Users/asahi/OneDrive/Documentos/programacion/porfolio-projects/todo-app/todo-master/todomaster/target/classes/_TodoMasterPU; state Predeployed; factoryCount 0
[EL Finest]: jpa: 2023-12-08 23:53:00.277--ServerSession(79161706)--Thread(Thread[main,5,main])--End predeploying Persistence Unit TodoMasterPU; session /file:/C:/Users/asahi/OneDrive/Documentos/programacion/porfolio-projects/todo-app/todo-master/todomaster/target/classes/_TodoMasterPU; state Predeployed; factoryCount 1
[EL Finer]: metamodel: 2023-12-08 23:53:00.277--ServerSession(79161706)--Thread(Thread[main,5,main])--Canonical Metamodel class [com.draekk.todomaster.models.Task_] found and instantiated during initialization.
[EL Finer]: metamodel: 2023-12-08 23:53:00.278--ServerSession(79161706)--Thread(Thread[main,5,main])--Canonical Metamodel class [com.draekk.todomaster.models.User_] found and instantiated during initialization.
[EL Finest]: jpa: 2023-12-08 23:53:00.278--ServerSession(79161706)--Thread(Thread[main,5,main])--Begin deploying Persistence Unit TodoMasterPU; session /file:/C:/Users/asahi/OneDrive/Documentos/programacion/porfolio-projects/todo-app/todo-master/todomaster/target/classes/_TodoMasterPU; state Predeployed; factoryCount 1
[EL Finest]: jpa: 2023-12-08 23:53:00.279--ServerSession(79161706)--Thread(Thread[main,5,main])--Bean Validation Factory was not initialized: [javax/validation/Validation].
[EL Finest]: properties: 2023-12-08 23:53:00.279--ServerSession(79161706)--Thread(Thread[main,5,main])--property=eclipselink.logging.level; value=FINEST; translated value=FINEST
[EL Finest]: properties: 2023-12-08 23:53:00.28--ServerSession(79161706)--Thread(Thread[main,5,main])--property=eclipselink.logging.parameters; value=true
[EL Finest]: properties: 2023-12-08 23:53:00.28--ServerSession(79161706)--Thread(Thread[main,5,main])--property=eclipselink.logging.level; value=FINEST; translated value=FINEST
[EL Finest]: properties: 2023-12-08 23:53:00.28--ServerSession(79161706)--Thread(Thread[main,5,main])--property=eclipselink.logging.parameters; value=true
[EL Finest]: properties: 2023-12-08 23:53:00.28--ServerSession(79161706)--Thread(Thread[main,5,main])--property=javax.persistence.jdbc.user; value=postgres
[EL Finest]: properties: 2023-12-08 23:53:00.281--ServerSession(79161706)--Thread(Thread[main,5,main])--property=javax.persistence.jdbc.password; value=xxxxxx
[EL Finest]: properties: 2023-12-08 23:53:00.283--ServerSession(79161706)--Thread(Thread[main,5,main])--property=javax.persistence.jdbc.driver; value=org.postgresql.Driver
[EL Finest]: properties: 2023-12-08 23:53:00.283--ServerSession(79161706)--Thread(Thread[main,5,main])--property=javax.persistence.jdbc.url; value=jdbc:postgresql://monorail.proxy.rlwy.net:32742/railway
[EL Info]: 2023-12-08 23:53:00.284--ServerSession(79161706)--Thread(Thread[main,5,main])--EclipseLink, version: Eclipse Persistence Services - 2.7.12.v20230209-e5c4074ef3
[EL Severe]: ejb: 2023-12-08 23:53:00.284--ServerSession(79161706)--Thread(Thread[main,5,main])--Local Exception Stack: 
Exception [EclipseLink-4003] (Eclipse Persistence Services - 2.7.12.v20230209-e5c4074ef3): org.eclipse.persistence.exceptions.DatabaseException
Exception Description: Configuration error.  Class [org.postgresql.Driver] not found.
	at org.eclipse.persistence.exceptions.DatabaseException.configurationErrorClassNotFound(DatabaseException.java:91)
	at org.eclipse.persistence.sessions.DefaultConnector.loadDriverClass(DefaultConnector.java:269)
	at org.eclipse.persistence.sessions.DefaultConnector.connect(DefaultConnector.java:87)
	at org.eclipse.persistence.sessions.DatasourceLogin.connectToDatasource(DatasourceLogin.java:172)
	at org.eclipse.persistence.internal.sessions.DatabaseSessionImpl.setOrDetectDatasource(DatabaseSessionImpl.java:226)
	at org.eclipse.persistence.internal.sessions.DatabaseSessionImpl.loginAndDetectDatasource(DatabaseSessionImpl.java:810)
	at org.eclipse.persistence.internal.jpa.EntityManagerFactoryProvider.login(EntityManagerFactoryProvider.java:261)
	at org.eclipse.persistence.internal.jpa.EntityManagerSetupImpl.deploy(EntityManagerSetupImpl.java:771)
	at org.eclipse.persistence.internal.jpa.EntityManagerFactoryDelegate.getAbstractSession(EntityManagerFactoryDelegate.java:222)
	at org.eclipse.persistence.internal.jpa.EntityManagerFactoryDelegate.getDatabaseSession(EntityManagerFactoryDelegate.java:200)
	at org.eclipse.persistence.internal.jpa.EntityManagerFactoryImpl.getDatabaseSession(EntityManagerFactoryImpl.java:542)
	at org.eclipse.persistence.jpa.PersistenceProvider.createEntityManagerFactoryImpl(PersistenceProvider.java:153)
	at org.eclipse.persistence.jpa.PersistenceProvider.createEntityManagerFactory(PersistenceProvider.java:191)
	at javax.persistence.Persistence.createEntityManagerFactory(Persistence.java:80)
	at javax.persistence.Persistence.createEntityManagerFactory(Persistence.java:55)
	at com.draekk.todomaster.persistence.UserJpaController.<init>(UserJpaController.java:32)
	at com.draekk.todomaster.persistence.PersistenceController.<init>(PersistenceController.java:11)
	at com.draekk.todomaster.controllers.GeneralController.<init>(GeneralController.java:15)
	at com.draekk.todomaster.controllers.GeneralControllerTest.testGetLoginUser(GeneralControllerTest.java:74)
	at java.base/jdk.internal.reflect.NativeMethodAccessorImpl.invoke0(Native Method)
	at java.base/jdk.internal.reflect.NativeMethodAccessorImpl.invoke(NativeMethodAccessorImpl.java:77)
	at java.base/jdk.internal.reflect.DelegatingMethodAccessorImpl.invoke(DelegatingMethodAccessorImpl.java:43)
	at java.base/java.lang.reflect.Method.invoke(Method.java:568)
	at org.junit.platform.commons.util.ReflectionUtils.invokeMethod(ReflectionUtils.java:686)
	at org.junit.jupiter.engine.execution.MethodInvocation.proceed(MethodInvocation.java:60)
	at org.junit.jupiter.engine.execution.InvocationInterceptorChain$ValidatingInvocation.proceed(InvocationInterceptorChain.java:131)
	at org.junit.jupiter.engine.extension.TimeoutExtension.intercept(TimeoutExtension.java:149)
	at org.junit.jupiter.engine.extension.TimeoutExtension.interceptTestableMethod(TimeoutExtension.java:140)
	at org.junit.jupiter.engine.extension.TimeoutExtension.interceptTestMethod(TimeoutExtension.java:84)
	at org.junit.jupiter.engine.execution.ExecutableInvoker$ReflectiveInterceptorCall.lambda$ofVoidMethod$0(ExecutableInvoker.java:115)
	at org.junit.jupiter.engine.execution.ExecutableInvoker.lambda$invoke$0(ExecutableInvoker.java:105)
	at org.junit.jupiter.engine.execution.InvocationInterceptorChain$InterceptedInvocation.proceed(InvocationInterceptorChain.java:106)
	at org.junit.jupiter.engine.execution.InvocationInterceptorChain.proceed(InvocationInterceptorChain.java:64)
	at org.junit.jupiter.engine.execution.InvocationInterceptorChain.chainAndInvoke(InvocationInterceptorChain.java:45)
	at org.junit.jupiter.engine.execution.InvocationInterceptorChain.invoke(InvocationInterceptorChain.java:37)
	at org.junit.jupiter.engine.execution.ExecutableInvoker.invoke(ExecutableInvoker.java:104)
	at org.junit.jupiter.engine.execution.ExecutableInvoker.invoke(ExecutableInvoker.java:98)
	at org.junit.jupiter.engine.descriptor.TestMethodTestDescriptor.lambda$invokeTestMethod$6(TestMethodTestDescriptor.java:205)
	at org.junit.platform.engine.support.hierarchical.ThrowableCollector.execute(ThrowableCollector.java:73)
	at org.junit.jupiter.engine.descriptor.TestMethodTestDescriptor.invokeTestMethod(TestMethodTestDescriptor.java:201)
	at org.junit.jupiter.engine.descriptor.TestMethodTestDescriptor.execute(TestMethodTestDescriptor.java:137)
	at org.junit.jupiter.engine.descriptor.TestMethodTestDescriptor.execute(TestMethodTestDescriptor.java:71)
	at org.junit.platform.engine.support.hierarchical.NodeTestTask.lambda$executeRecursively$5(NodeTestTask.java:135)
	at org.junit.platform.engine.support.hierarchical.ThrowableCollector.execute(ThrowableCollector.java:73)
	at org.junit.platform.engine.support.hierarchical.NodeTestTask.lambda$executeRecursively$7(NodeTestTask.java:125)
	at org.junit.platform.engine.support.hierarchical.Node.around(Node.java:135)
	at org.junit.platform.engine.support.hierarchical.NodeTestTask.lambda$executeRecursively$8(NodeTestTask.java:123)
	at org.junit.platform.engine.support.hierarchical.ThrowableCollector.execute(ThrowableCollector.java:73)
	at org.junit.platform.engine.support.hierarchical.NodeTestTask.executeRecursively(NodeTestTask.java:122)
	at org.junit.platform.engine.support.hierarchical.NodeTestTask.execute(NodeTestTask.java:80)
	at java.base/java.util.ArrayList.forEach(ArrayList.java:1511)
	at org.junit.platform.engine.support.hierarchical.SameThreadHierarchicalTestExecutorService.invokeAll(SameThreadHierarchicalTestExecutorService.java:38)
	at org.junit.platform.engine.support.hierarchical.NodeTestTask.lambda$executeRecursively$5(NodeTestTask.java:139)
	at org.junit.platform.engine.support.hierarchical.ThrowableCollector.execute(ThrowableCollector.java:73)
	at org.junit.platform.engine.support.hierarchical.NodeTestTask.lambda$executeRecursively$7(NodeTestTask.java:125)
	at org.junit.platform.engine.support.hierarchical.Node.around(Node.java:135)
	at org.junit.platform.engine.support.hierarchical.NodeTestTask.lambda$executeRecursively$8(NodeTestTask.java:123)
	at org.junit.platform.engine.support.hierarchical.ThrowableCollector.execute(ThrowableCollector.java:73)
	at org.junit.platform.engine.support.hierarchical.NodeTestTask.executeRecursively(NodeTestTask.java:122)
	at org.junit.platform.engine.support.hierarchical.NodeTestTask.execute(NodeTestTask.java:80)
	at java.base/java.util.ArrayList.forEach(ArrayList.java:1511)
	at org.junit.platform.engine.support.hierarchical.SameThreadHierarchicalTestExecutorService.invokeAll(SameThreadHierarchicalTestExecutorService.java:38)
	at org.junit.platform.engine.support.hierarchical.NodeTestTask.lambda$executeRecursively$5(NodeTestTask.java:139)
	at org.junit.platform.engine.support.hierarchical.ThrowableCollector.execute(ThrowableCollector.java:73)
	at org.junit.platform.engine.support.hierarchical.NodeTestTask.lambda$executeRecursively$7(NodeTestTask.java:125)
	at org.junit.platform.engine.support.hierarchical.Node.around(Node.java:135)
	at org.junit.platform.engine.support.hierarchical.NodeTestTask.lambda$executeRecursively$8(NodeTestTask.java:123)
	at org.junit.platform.engine.support.hierarchical.ThrowableCollector.execute(ThrowableCollector.java:73)
	at org.junit.platform.engine.support.hierarchical.NodeTestTask.executeRecursively(NodeTestTask.java:122)
	at org.junit.platform.engine.support.hierarchical.NodeTestTask.execute(NodeTestTask.java:80)
	at org.junit.platform.engine.support.hierarchical.SameThreadHierarchicalTestExecutorService.submit(SameThreadHierarchicalTestExecutorService.java:32)
	at org.junit.platform.engine.support.hierarchical.HierarchicalTestExecutor.execute(HierarchicalTestExecutor.java:57)
	at org.junit.platform.engine.support.hierarchical.HierarchicalTestEngine.execute(HierarchicalTestEngine.java:51)
	at org.junit.platform.launcher.core.DefaultLauncher.execute(DefaultLauncher.java:248)
	at org.junit.platform.launcher.core.DefaultLauncher.lambda$execute$5(DefaultLauncher.java:211)
	at org.junit.platform.launcher.core.DefaultLauncher.withInterceptedStreams(DefaultLauncher.java:226)
	at org.junit.platform.launcher.core.DefaultLauncher.execute(DefaultLauncher.java:199)
	at org.junit.platform.launcher.core.DefaultLauncher.execute(DefaultLauncher.java:132)
	at org.apache.maven.surefire.junitplatform.LazyLauncher.execute(LazyLauncher.java:56)
	at org.apache.maven.surefire.junitplatform.JUnitPlatformProvider.execute(JUnitPlatformProvider.java:184)
	at org.apache.maven.surefire.junitplatform.JUnitPlatformProvider.invokeAllTests(JUnitPlatformProvider.java:148)
	at org.apache.maven.surefire.junitplatform.JUnitPlatformProvider.invoke(JUnitPlatformProvider.java:122)
	at org.apache.maven.surefire.booter.ForkedBooter.runSuitesInProcess(ForkedBooter.java:385)
	at org.apache.maven.surefire.booter.ForkedBooter.execute(ForkedBooter.java:162)
	at org.apache.maven.surefire.booter.ForkedBooter.run(ForkedBooter.java:507)
	at org.apache.maven.surefire.booter.ForkedBooter.main(ForkedBooter.java:495)

[EL Finest]: jpa: 2023-12-08 23:53:00.286--ServerSession(79161706)--Thread(Thread[main,5,main])--End deploying Persistence Unit TodoMasterPU; session /file:/C:/Users/asahi/OneDrive/Documentos/programacion/porfolio-projects/todo-app/todo-master/todomaster/target/classes/_TodoMasterPU; state HalfDeployed; factoryCount 1
[EL Finest]: jpa: 2023-12-08 23:53:00.286--ServerSession(79161706)--Thread(Thread[main,5,main])--Begin undeploying Persistence Unit TodoMasterPU; session /file:/C:/Users/asahi/OneDrive/Documentos/programacion/porfolio-projects/todo-app/todo-master/todomaster/target/classes/_TodoMasterPU; state HalfDeployed; factoryCount 1
[EL Finest]: jpa: 2023-12-08 23:53:00.286--ServerSession(79161706)--Thread(Thread[main,5,main])--End undeploying Persistence Unit TodoMasterPU; session /file:/C:/Users/asahi/OneDrive/Documentos/programacion/porfolio-projects/todo-app/todo-master/todomaster/target/classes/_TodoMasterPU; state Undeployed; factoryCount 0
]]></system-out>
  </testcase>
  <testcase name="testProcessUser" classname="com.draekk.todomaster.controllers.GeneralControllerTest" time="0.081">
    <error message="Exception [EclipseLink-4003] (Eclipse Persistence Services - 2.7.12.v20230209-e5c4074ef3): org.eclipse.persistence.exceptions.DatabaseException&#10;Exception Description: Configuration error.  Class [org.postgresql.Driver] not found." type="javax.persistence.PersistenceException"><![CDATA[javax.persistence.PersistenceException: 
Exception [EclipseLink-4003] (Eclipse Persistence Services - 2.7.12.v20230209-e5c4074ef3): org.eclipse.persistence.exceptions.DatabaseException
Exception Description: Configuration error.  Class [org.postgresql.Driver] not found.
	at org.eclipse.persistence.internal.jpa.EntityManagerSetupImpl.deploy(EntityManagerSetupImpl.java:854)
	at org.eclipse.persistence.internal.jpa.EntityManagerFactoryDelegate.getAbstractSession(EntityManagerFactoryDelegate.java:222)
	at org.eclipse.persistence.internal.jpa.EntityManagerFactoryDelegate.getDatabaseSession(EntityManagerFactoryDelegate.java:200)
	at org.eclipse.persistence.internal.jpa.EntityManagerFactoryImpl.getDatabaseSession(EntityManagerFactoryImpl.java:542)
	at org.eclipse.persistence.jpa.PersistenceProvider.createEntityManagerFactoryImpl(PersistenceProvider.java:153)
	at org.eclipse.persistence.jpa.PersistenceProvider.createEntityManagerFactory(PersistenceProvider.java:191)
	at javax.persistence.Persistence.createEntityManagerFactory(Persistence.java:80)
	at javax.persistence.Persistence.createEntityManagerFactory(Persistence.java:55)
	at com.draekk.todomaster.persistence.UserJpaController.<init>(UserJpaController.java:32)
	at com.draekk.todomaster.persistence.PersistenceController.<init>(PersistenceController.java:11)
	at com.draekk.todomaster.controllers.GeneralController.<init>(GeneralController.java:15)
	at com.draekk.todomaster.controllers.GeneralControllerTest.testProcessUser(GeneralControllerTest.java:44)
	at java.base/jdk.internal.reflect.NativeMethodAccessorImpl.invoke0(Native Method)
	at java.base/jdk.internal.reflect.NativeMethodAccessorImpl.invoke(NativeMethodAccessorImpl.java:77)
	at java.base/jdk.internal.reflect.DelegatingMethodAccessorImpl.invoke(DelegatingMethodAccessorImpl.java:43)
	at java.base/java.lang.reflect.Method.invoke(Method.java:568)
	at org.junit.platform.commons.util.ReflectionUtils.invokeMethod(ReflectionUtils.java:686)
	at org.junit.jupiter.engine.execution.MethodInvocation.proceed(MethodInvocation.java:60)
	at org.junit.jupiter.engine.execution.InvocationInterceptorChain$ValidatingInvocation.proceed(InvocationInterceptorChain.java:131)
	at org.junit.jupiter.engine.extension.TimeoutExtension.intercept(TimeoutExtension.java:149)
	at org.junit.jupiter.engine.extension.TimeoutExtension.interceptTestableMethod(TimeoutExtension.java:140)
	at org.junit.jupiter.engine.extension.TimeoutExtension.interceptTestMethod(TimeoutExtension.java:84)
	at org.junit.jupiter.engine.execution.ExecutableInvoker$ReflectiveInterceptorCall.lambda$ofVoidMethod$0(ExecutableInvoker.java:115)
	at org.junit.jupiter.engine.execution.ExecutableInvoker.lambda$invoke$0(ExecutableInvoker.java:105)
	at org.junit.jupiter.engine.execution.InvocationInterceptorChain$InterceptedInvocation.proceed(InvocationInterceptorChain.java:106)
	at org.junit.jupiter.engine.execution.InvocationInterceptorChain.proceed(InvocationInterceptorChain.java:64)
	at org.junit.jupiter.engine.execution.InvocationInterceptorChain.chainAndInvoke(InvocationInterceptorChain.java:45)
	at org.junit.jupiter.engine.execution.InvocationInterceptorChain.invoke(InvocationInterceptorChain.java:37)
	at org.junit.jupiter.engine.execution.ExecutableInvoker.invoke(ExecutableInvoker.java:104)
	at org.junit.jupiter.engine.execution.ExecutableInvoker.invoke(ExecutableInvoker.java:98)
	at org.junit.jupiter.engine.descriptor.TestMethodTestDescriptor.lambda$invokeTestMethod$6(TestMethodTestDescriptor.java:205)
	at org.junit.platform.engine.support.hierarchical.ThrowableCollector.execute(ThrowableCollector.java:73)
	at org.junit.jupiter.engine.descriptor.TestMethodTestDescriptor.invokeTestMethod(TestMethodTestDescriptor.java:201)
	at org.junit.jupiter.engine.descriptor.TestMethodTestDescriptor.execute(TestMethodTestDescriptor.java:137)
	at org.junit.jupiter.engine.descriptor.TestMethodTestDescriptor.execute(TestMethodTestDescriptor.java:71)
	at org.junit.platform.engine.support.hierarchical.NodeTestTask.lambda$executeRecursively$5(NodeTestTask.java:135)
	at org.junit.platform.engine.support.hierarchical.ThrowableCollector.execute(ThrowableCollector.java:73)
	at org.junit.platform.engine.support.hierarchical.NodeTestTask.lambda$executeRecursively$7(NodeTestTask.java:125)
	at org.junit.platform.engine.support.hierarchical.Node.around(Node.java:135)
	at org.junit.platform.engine.support.hierarchical.NodeTestTask.lambda$executeRecursively$8(NodeTestTask.java:123)
	at org.junit.platform.engine.support.hierarchical.ThrowableCollector.execute(ThrowableCollector.java:73)
	at org.junit.platform.engine.support.hierarchical.NodeTestTask.executeRecursively(NodeTestTask.java:122)
	at org.junit.platform.engine.support.hierarchical.NodeTestTask.execute(NodeTestTask.java:80)
	at java.base/java.util.ArrayList.forEach(ArrayList.java:1511)
	at org.junit.platform.engine.support.hierarchical.SameThreadHierarchicalTestExecutorService.invokeAll(SameThreadHierarchicalTestExecutorService.java:38)
	at org.junit.platform.engine.support.hierarchical.NodeTestTask.lambda$executeRecursively$5(NodeTestTask.java:139)
	at org.junit.platform.engine.support.hierarchical.ThrowableCollector.execute(ThrowableCollector.java:73)
	at org.junit.platform.engine.support.hierarchical.NodeTestTask.lambda$executeRecursively$7(NodeTestTask.java:125)
	at org.junit.platform.engine.support.hierarchical.Node.around(Node.java:135)
	at org.junit.platform.engine.support.hierarchical.NodeTestTask.lambda$executeRecursively$8(NodeTestTask.java:123)
	at org.junit.platform.engine.support.hierarchical.ThrowableCollector.execute(ThrowableCollector.java:73)
	at org.junit.platform.engine.support.hierarchical.NodeTestTask.executeRecursively(NodeTestTask.java:122)
	at org.junit.platform.engine.support.hierarchical.NodeTestTask.execute(NodeTestTask.java:80)
	at java.base/java.util.ArrayList.forEach(ArrayList.java:1511)
	at org.junit.platform.engine.support.hierarchical.SameThreadHierarchicalTestExecutorService.invokeAll(SameThreadHierarchicalTestExecutorService.java:38)
	at org.junit.platform.engine.support.hierarchical.NodeTestTask.lambda$executeRecursively$5(NodeTestTask.java:139)
	at org.junit.platform.engine.support.hierarchical.ThrowableCollector.execute(ThrowableCollector.java:73)
	at org.junit.platform.engine.support.hierarchical.NodeTestTask.lambda$executeRecursively$7(NodeTestTask.java:125)
	at org.junit.platform.engine.support.hierarchical.Node.around(Node.java:135)
	at org.junit.platform.engine.support.hierarchical.NodeTestTask.lambda$executeRecursively$8(NodeTestTask.java:123)
	at org.junit.platform.engine.support.hierarchical.ThrowableCollector.execute(ThrowableCollector.java:73)
	at org.junit.platform.engine.support.hierarchical.NodeTestTask.executeRecursively(NodeTestTask.java:122)
	at org.junit.platform.engine.support.hierarchical.NodeTestTask.execute(NodeTestTask.java:80)
	at org.junit.platform.engine.support.hierarchical.SameThreadHierarchicalTestExecutorService.submit(SameThreadHierarchicalTestExecutorService.java:32)
	at org.junit.platform.engine.support.hierarchical.HierarchicalTestExecutor.execute(HierarchicalTestExecutor.java:57)
	at org.junit.platform.engine.support.hierarchical.HierarchicalTestEngine.execute(HierarchicalTestEngine.java:51)
	at org.junit.platform.launcher.core.DefaultLauncher.execute(DefaultLauncher.java:248)
	at org.junit.platform.launcher.core.DefaultLauncher.lambda$execute$5(DefaultLauncher.java:211)
	at org.junit.platform.launcher.core.DefaultLauncher.withInterceptedStreams(DefaultLauncher.java:226)
	at org.junit.platform.launcher.core.DefaultLauncher.execute(DefaultLauncher.java:199)
	at org.junit.platform.launcher.core.DefaultLauncher.execute(DefaultLauncher.java:132)
	at org.apache.maven.surefire.junitplatform.LazyLauncher.execute(LazyLauncher.java:56)
	at org.apache.maven.surefire.junitplatform.JUnitPlatformProvider.execute(JUnitPlatformProvider.java:184)
	at org.apache.maven.surefire.junitplatform.JUnitPlatformProvider.invokeAllTests(JUnitPlatformProvider.java:148)
	at org.apache.maven.surefire.junitplatform.JUnitPlatformProvider.invoke(JUnitPlatformProvider.java:122)
	at org.apache.maven.surefire.booter.ForkedBooter.runSuitesInProcess(ForkedBooter.java:385)
	at org.apache.maven.surefire.booter.ForkedBooter.execute(ForkedBooter.java:162)
	at org.apache.maven.surefire.booter.ForkedBooter.run(ForkedBooter.java:507)
	at org.apache.maven.surefire.booter.ForkedBooter.main(ForkedBooter.java:495)
Caused by: Exception [EclipseLink-4003] (Eclipse Persistence Services - 2.7.12.v20230209-e5c4074ef3): org.eclipse.persistence.exceptions.DatabaseException
Exception Description: Configuration error.  Class [org.postgresql.Driver] not found.
	at org.eclipse.persistence.exceptions.DatabaseException.configurationErrorClassNotFound(DatabaseException.java:91)
	at org.eclipse.persistence.sessions.DefaultConnector.loadDriverClass(DefaultConnector.java:269)
	at org.eclipse.persistence.sessions.DefaultConnector.connect(DefaultConnector.java:87)
	at org.eclipse.persistence.sessions.DatasourceLogin.connectToDatasource(DatasourceLogin.java:172)
	at org.eclipse.persistence.internal.sessions.DatabaseSessionImpl.setOrDetectDatasource(DatabaseSessionImpl.java:226)
	at org.eclipse.persistence.internal.sessions.DatabaseSessionImpl.loginAndDetectDatasource(DatabaseSessionImpl.java:810)
	at org.eclipse.persistence.internal.jpa.EntityManagerFactoryProvider.login(EntityManagerFactoryProvider.java:261)
	at org.eclipse.persistence.internal.jpa.EntityManagerSetupImpl.deploy(EntityManagerSetupImpl.java:771)
	... 78 more
]]></error>
    <system-out><![CDATA[processUser
[EL Finer]: 2023-12-08 23:53:00.293--Thread(Thread[main,5,main])--fixUNC: before fixing: url = file:/C:/Users/asahi/OneDrive/Documentos/programacion/porfolio-projects/todo-app/todo-master/todomaster/target/classes/, authority = , file = /C:/Users/asahi/OneDrive/Documentos/programacion/porfolio-projects/todo-app/todo-master/todomaster/target/classes/ (There is no English translation for this message.)
[EL Finer]: 2023-12-08 23:53:00.294--Thread(Thread[main,5,main])--fixUNC: after fixing: url = file:/C:/Users/asahi/OneDrive/Documentos/programacion/porfolio-projects/todo-app/todo-master/todomaster/target/classes/, authority = null, file = /C:/Users/asahi/OneDrive/Documentos/programacion/porfolio-projects/todo-app/todo-master/todomaster/target/classes/ (There is no English translation for this message.)
[EL Fine]: moxy: 2023-12-08 23:53:00.303--Thread(Thread[main,5,main])--SAXParserFactory instance: com.sun.org.apache.xerces.internal.jaxp.SAXParserFactoryImpl@765f05af
[EL Finer]: jpa: 2023-12-08 23:53:00.305--Thread(Thread[main,5,main])--JavaSECMPInitializer - predeploying TodoMasterPU.
[EL Finest]: properties: 2023-12-08 23:53:00.314--ServerSession(1660325375)--Thread(Thread[main,5,main])--property=eclipselink.logging.parameters; value=true
[EL Fine]: server: 2023-12-08 23:53:00.314--Thread(Thread[main,5,main])--Configured server platform: org.eclipse.persistence.platform.server.NoServerPlatform
[EL Finest]: jpa: 2023-12-08 23:53:00.315--ServerSession(1660325375)--Thread(Thread[main,5,main])--Begin predeploying Persistence Unit TodoMasterPU; session /file:/C:/Users/asahi/OneDrive/Documentos/programacion/porfolio-projects/todo-app/todo-master/todomaster/target/classes/_TodoMasterPU; state Initial; factoryCount 0
[EL Finest]: properties: 2023-12-08 23:53:00.315--ServerSession(1660325375)--Thread(Thread[main,5,main])--property=eclipselink.orm.throw.exceptions; default value=true
[EL Finest]: properties: 2023-12-08 23:53:00.315--ServerSession(1660325375)--Thread(Thread[main,5,main])--property=eclipselink.multitenant.tenants-share-emf; default value=true
[EL Finest]: properties: 2023-12-08 23:53:00.315--ServerSession(1660325375)--Thread(Thread[main,5,main])--property=eclipselink.multitenant.tenants-share-cache; default value=false
[EL Finer]: metadata: 2023-12-08 23:53:00.316--Thread(Thread[main,5,main])--Searching for mapping file: [META-INF/orm.xml] at root URL: [file:/C:/Users/asahi/OneDrive/Documentos/programacion/porfolio-projects/todo-app/todo-master/todomaster/target/classes/].
[EL Finer]: metadata: 2023-12-08 23:53:00.322--Thread(Thread[main,5,main])--Searching for mapping file: [META-INF/eclipselink-orm.xml] at root URL: [file:/C:/Users/asahi/OneDrive/Documentos/programacion/porfolio-projects/todo-app/todo-master/todomaster/target/classes/].
[EL Config]: metadata: 2023-12-08 23:53:00.353--ServerSession(1660325375)--Thread(Thread[main,5,main])--The access type for the persistent class [class com.draekk.todomaster.models.User] is set to [FIELD].
[EL Config]: metadata: 2023-12-08 23:53:00.356--ServerSession(1660325375)--Thread(Thread[main,5,main])--The target entity (reference) class for the one to many mapping element [field tasks] is being defaulted to: class com.draekk.todomaster.models.Task.
[EL Config]: metadata: 2023-12-08 23:53:00.357--ServerSession(1660325375)--Thread(Thread[main,5,main])--The access type for the persistent class [class com.draekk.todomaster.models.Task] is set to [FIELD].
[EL Config]: metadata: 2023-12-08 23:53:00.357--ServerSession(1660325375)--Thread(Thread[main,5,main])--The target entity (reference) class for the many to one mapping element [field user] is being defaulted to: class com.draekk.todomaster.models.User.
[EL Config]: metadata: 2023-12-08 23:53:00.357--ServerSession(1660325375)--Thread(Thread[main,5,main])--The alias name for the entity class [class com.draekk.todomaster.models.User] is being defaulted to: User.
[EL Config]: metadata: 2023-12-08 23:53:00.358--ServerSession(1660325375)--Thread(Thread[main,5,main])--The column name for element [lastName] is being defaulted to: LASTNAME.
[EL Config]: metadata: 2023-12-08 23:53:00.358--ServerSession(1660325375)--Thread(Thread[main,5,main])--The column name for element [password] is being defaulted to: PASSWORD.
[EL Config]: metadata: 2023-12-08 23:53:00.359--ServerSession(1660325375)--Thread(Thread[main,5,main])--The column name for element [name] is being defaulted to: NAME.
[EL Config]: metadata: 2023-12-08 23:53:00.359--ServerSession(1660325375)--Thread(Thread[main,5,main])--The column name for element [id] is being defaulted to: ID.
[EL Config]: metadata: 2023-12-08 23:53:00.359--ServerSession(1660325375)--Thread(Thread[main,5,main])--The column name for element [email] is being defaulted to: EMAIL.
[EL Config]: metadata: 2023-12-08 23:53:00.359--ServerSession(1660325375)--Thread(Thread[main,5,main])--The column name for element [username] is being defaulted to: USERNAME.
[EL Config]: metadata: 2023-12-08 23:53:00.359--ServerSession(1660325375)--Thread(Thread[main,5,main])--The alias name for the entity class [class com.draekk.todomaster.models.Task] is being defaulted to: Task.
[EL Config]: metadata: 2023-12-08 23:53:00.36--ServerSession(1660325375)--Thread(Thread[main,5,main])--The column name for element [description] is being defaulted to: DESCRIPTION.
[EL Config]: metadata: 2023-12-08 23:53:00.36--ServerSession(1660325375)--Thread(Thread[main,5,main])--The column name for element [id] is being defaulted to: ID.
[EL Config]: metadata: 2023-12-08 23:53:00.36--ServerSession(1660325375)--Thread(Thread[main,5,main])--The column name for element [isCompleted] is being defaulted to: ISCOMPLETED.
[EL Config]: metadata: 2023-12-08 23:53:00.361--ServerSession(1660325375)--Thread(Thread[main,5,main])--The primary key column name for the mapping element [field user] is being defaulted to: ID.
[EL Finest]: jpa: 2023-12-08 23:53:00.361--ServerSession(1660325375)--Thread(Thread[main,5,main])--End predeploying Persistence Unit TodoMasterPU; session /file:/C:/Users/asahi/OneDrive/Documentos/programacion/porfolio-projects/todo-app/todo-master/todomaster/target/classes/_TodoMasterPU; state Predeployed; factoryCount 0
[EL Finer]: weaver: 2023-12-08 23:53:00.362--Thread(Thread[main,5,main])--JavaSECMPInitializer - transformer is null.
[EL Finest]: jpa: 2023-12-08 23:53:00.362--ServerSession(1660325375)--Thread(Thread[main,5,main])--Begin predeploying Persistence Unit TodoMasterPU; session /file:/C:/Users/asahi/OneDrive/Documentos/programacion/porfolio-projects/todo-app/todo-master/todomaster/target/classes/_TodoMasterPU; state Predeployed; factoryCount 0
[EL Finest]: jpa: 2023-12-08 23:53:00.362--ServerSession(1660325375)--Thread(Thread[main,5,main])--End predeploying Persistence Unit TodoMasterPU; session /file:/C:/Users/asahi/OneDrive/Documentos/programacion/porfolio-projects/todo-app/todo-master/todomaster/target/classes/_TodoMasterPU; state Predeployed; factoryCount 1
[EL Finer]: metamodel: 2023-12-08 23:53:00.362--ServerSession(1660325375)--Thread(Thread[main,5,main])--Canonical Metamodel class [com.draekk.todomaster.models.Task_] found and instantiated during initialization.
[EL Finer]: metamodel: 2023-12-08 23:53:00.363--ServerSession(1660325375)--Thread(Thread[main,5,main])--Canonical Metamodel class [com.draekk.todomaster.models.User_] found and instantiated during initialization.
[EL Finest]: jpa: 2023-12-08 23:53:00.363--ServerSession(1660325375)--Thread(Thread[main,5,main])--Begin deploying Persistence Unit TodoMasterPU; session /file:/C:/Users/asahi/OneDrive/Documentos/programacion/porfolio-projects/todo-app/todo-master/todomaster/target/classes/_TodoMasterPU; state Predeployed; factoryCount 1
[EL Finest]: jpa: 2023-12-08 23:53:00.364--ServerSession(1660325375)--Thread(Thread[main,5,main])--Bean Validation Factory was not initialized: [javax/validation/Validation].
[EL Finest]: properties: 2023-12-08 23:53:00.365--ServerSession(1660325375)--Thread(Thread[main,5,main])--property=eclipselink.logging.level; value=FINEST; translated value=FINEST
[EL Finest]: properties: 2023-12-08 23:53:00.365--ServerSession(1660325375)--Thread(Thread[main,5,main])--property=eclipselink.logging.parameters; value=true
[EL Finest]: properties: 2023-12-08 23:53:00.365--ServerSession(1660325375)--Thread(Thread[main,5,main])--property=eclipselink.logging.level; value=FINEST; translated value=FINEST
[EL Finest]: properties: 2023-12-08 23:53:00.365--ServerSession(1660325375)--Thread(Thread[main,5,main])--property=eclipselink.logging.parameters; value=true
[EL Finest]: properties: 2023-12-08 23:53:00.365--ServerSession(1660325375)--Thread(Thread[main,5,main])--property=javax.persistence.jdbc.user; value=postgres
[EL Finest]: properties: 2023-12-08 23:53:00.366--ServerSession(1660325375)--Thread(Thread[main,5,main])--property=javax.persistence.jdbc.password; value=xxxxxx
[EL Finest]: properties: 2023-12-08 23:53:00.367--ServerSession(1660325375)--Thread(Thread[main,5,main])--property=javax.persistence.jdbc.driver; value=org.postgresql.Driver
[EL Finest]: properties: 2023-12-08 23:53:00.367--ServerSession(1660325375)--Thread(Thread[main,5,main])--property=javax.persistence.jdbc.url; value=jdbc:postgresql://monorail.proxy.rlwy.net:32742/railway
[EL Info]: 2023-12-08 23:53:00.368--ServerSession(1660325375)--Thread(Thread[main,5,main])--EclipseLink, version: Eclipse Persistence Services - 2.7.12.v20230209-e5c4074ef3
[EL Severe]: ejb: 2023-12-08 23:53:00.368--ServerSession(1660325375)--Thread(Thread[main,5,main])--Local Exception Stack: 
Exception [EclipseLink-4003] (Eclipse Persistence Services - 2.7.12.v20230209-e5c4074ef3): org.eclipse.persistence.exceptions.DatabaseException
Exception Description: Configuration error.  Class [org.postgresql.Driver] not found.
	at org.eclipse.persistence.exceptions.DatabaseException.configurationErrorClassNotFound(DatabaseException.java:91)
	at org.eclipse.persistence.sessions.DefaultConnector.loadDriverClass(DefaultConnector.java:269)
	at org.eclipse.persistence.sessions.DefaultConnector.connect(DefaultConnector.java:87)
	at org.eclipse.persistence.sessions.DatasourceLogin.connectToDatasource(DatasourceLogin.java:172)
	at org.eclipse.persistence.internal.sessions.DatabaseSessionImpl.setOrDetectDatasource(DatabaseSessionImpl.java:226)
	at org.eclipse.persistence.internal.sessions.DatabaseSessionImpl.loginAndDetectDatasource(DatabaseSessionImpl.java:810)
	at org.eclipse.persistence.internal.jpa.EntityManagerFactoryProvider.login(EntityManagerFactoryProvider.java:261)
	at org.eclipse.persistence.internal.jpa.EntityManagerSetupImpl.deploy(EntityManagerSetupImpl.java:771)
	at org.eclipse.persistence.internal.jpa.EntityManagerFactoryDelegate.getAbstractSession(EntityManagerFactoryDelegate.java:222)
	at org.eclipse.persistence.internal.jpa.EntityManagerFactoryDelegate.getDatabaseSession(EntityManagerFactoryDelegate.java:200)
[...]
	at org.eclipse.persistence.internal.jpa.EntityManagerSetupImpl.deploy(EntityManagerSetupImpl.java:771)
	... 78 more
]]></error>
    <system-out><![CDATA[getTaskList
[EL Finer]: 2023-12-08 23:53:00.684--Thread(Thread[main,5,main])--fixUNC: before fixing: url = file:/C:/Users/asahi/OneDrive/Documentos/programacion/porfolio-projects/todo-app/todo-master/todomaster/target/classes/, authority = , file = /C:/Users/asahi/OneDrive/Documentos/programacion/porfolio-projects/todo-app/todo-master/todomaster/target/classes/ (There is no English translation for this message.)
[EL Finer]: 2023-12-08 23:53:00.685--Thread(Thread[main,5,main])--fixUNC: after fixing: url = file:/C:/Users/asahi/OneDrive/Documentos/programacion/porfolio-projects/todo-app/todo-master/todomaster/target/classes/, authority = null, file = /C:/Users/asahi/OneDrive/Documentos/programacion/porfolio-projects/todo-app/todo-master/todomaster/target/classes/ (There is no English translation for this message.)
[EL Fine]: moxy: 2023-12-08 23:53:00.697--Thread(Thread[main,5,main])--SAXParserFactory instance: com.sun.org.apache.xerces.internal.jaxp.SAXParserFactoryImpl@6eeade6c
[EL Finer]: jpa: 2023-12-08 23:53:00.7--Thread(Thread[main,5,main])--JavaSECMPInitializer - predeploying TodoMasterPU.
[EL Finest]: properties: 2023-12-08 23:53:00.707--ServerSession(1250499735)--Thread(Thread[main,5,main])--property=eclipselink.logging.parameters; value=true
[EL Fine]: server: 2023-12-08 23:53:00.708--Thread(Thread[main,5,main])--Configured server platform: org.eclipse.persistence.platform.server.NoServerPlatform
[EL Finest]: jpa: 2023-12-08 23:53:00.708--ServerSession(1250499735)--Thread(Thread[main,5,main])--Begin predeploying Persistence Unit TodoMasterPU; session /file:/C:/Users/asahi/OneDrive/Documentos/programacion/porfolio-projects/todo-app/todo-master/todomaster/target/classes/_TodoMasterPU; state Initial; factoryCount 0
[EL Finest]: properties: 2023-12-08 23:53:00.708--ServerSession(1250499735)--Thread(Thread[main,5,main])--property=eclipselink.orm.throw.exceptions; default value=true
[EL Finest]: properties: 2023-12-08 23:53:00.708--ServerSession(1250499735)--Thread(Thread[main,5,main])--property=eclipselink.multitenant.tenants-share-emf; default value=true
[EL Finest]: properties: 2023-12-08 23:53:00.708--ServerSession(1250499735)--Thread(Thread[main,5,main])--property=eclipselink.multitenant.tenants-share-cache; default value=false
[EL Finer]: metadata: 2023-12-08 23:53:00.709--Thread(Thread[main,5,main])--Searching for mapping file: [META-INF/orm.xml] at root URL: [file:/C:/Users/asahi/OneDrive/Documentos/programacion/porfolio-projects/todo-app/todo-master/todomaster/target/classes/].
[EL Finer]: metadata: 2023-12-08 23:53:00.713--Thread(Thread[main,5,main])--Searching for mapping file: [META-INF/eclipselink-orm.xml] at root URL: [file:/C:/Users/asahi/OneDrive/Documentos/programacion/porfolio-projects/todo-app/todo-master/todomaster/target/classes/].
[EL Config]: metadata: 2023-12-08 23:53:00.739--ServerSession(1250499735)--Thread(Thread[main,5,main])--The access type for the persistent class [class com.draekk.todomaster.models.User] is set to [FIELD].
[EL Config]: metadata: 2023-12-08 23:53:00.741--ServerSession(1250499735)--Thread(Thread[main,5,main])--The target entity (reference) class for the one to many mapping element [field tasks] is being defaulted to: class com.draekk.todomaster.models.Task.
[EL Config]: metadata: 2023-12-08 23:53:00.742--ServerSession(1250499735)--Thread(Thread[main,5,main])--The access type for the persistent class [class com.draekk.todomaster.models.Task] is set to [FIELD].
[EL Config]: metadata: 2023-12-08 23:53:00.743--ServerSession(1250499735)--Thread(Thread[main,5,main])--The target entity (reference) class for the many to one mapping element [field user] is being defaulted to: class com.draekk.todomaster.models.User.
[EL Config]: metadata: 2023-12-08 23:53:00.743--ServerSession(1250499735)--Thread(Thread[main,5,main])--The alias name for the entity class [class com.draekk.todomaster.models.User] is being defaulted to: User.
[EL Config]: metadata: 2023-12-08 23:53:00.743--ServerSession(1250499735)--Thread(Thread[main,5,main])--The column name for element [lastName] is being defaulted to: LASTNAME.
[EL Config]: metadata: 2023-12-08 23:53:00.744--ServerSession(1250499735)--Thread(Thread[main,5,main])--The column name for element [password] is being defaulted to: PASSWORD.
[EL Config]: metadata: 2023-12-08 23:53:00.744--ServerSession(1250499735)--Thread(Thread[main,5,main])--The column name for element [name] is being defaulted to: NAME.
[EL Config]: metadata: 2023-12-08 23:53:00.744--ServerSession(1250499735)--Thread(Thread[main,5,main])--The column name for element [id] is being defaulted to: ID.
[EL Config]: metadata: 2023-12-08 23:53:00.744--ServerSession(1250499735)--Thread(Thread[main,5,main])--The column name for element [email] is being defaulted to: EMAIL.
[EL Config]: metadata: 2023-12-08 23:53:00.744--ServerSession(1250499735)--Thread(Thread[main,5,main])--The column name for element [username] is being defaulted to: USERNAME.
[EL Config]: metadata: 2023-12-08 23:53:00.744--ServerSession(1250499735)--Thread(Thread[main,5,main])--The alias name for the entity class [class com.draekk.todomaster.models.Task] is being defaulted to: Task.
[EL Config]: metadata: 2023-12-08 23:53:00.745--ServerSession(1250499735)--Thread(Thread[main,5,main])--The column name for element [description] is being defaulted to: DESCRIPTION.
[EL Config]: metadata: 2023-12-08 23:53:00.745--ServerSession(1250499735)--Thread(Thread[main,5,main])--The column name for element [id] is being defaulted to: ID.
[EL Config]: metadata: 2023-12-08 23:53:00.745--ServerSession(1250499735)--Thread(Thread[main,5,main])--The column name for element [isCompleted] is being defaulted to: ISCOMPLETED.
[EL Config]: metadata: 2023-12-08 23:53:00.745--ServerSession(1250499735)--Thread(Thread[main,5,main])--The primary key column name for the mapping element [field user] is being defaulted to: ID.
[EL Finest]: jpa: 2023-12-08 23:53:00.746--ServerSession(1250499735)--Thread(Thread[main,5,main])--End predeploying Persistence Unit TodoMasterPU; session /file:/C:/Users/asahi/OneDrive/Documentos/programacion/porfolio-projects/todo-app/todo-master/todomaster/target/classes/_TodoMasterPU; state Predeployed; factoryCount 0
[EL Finer]: weaver: 2023-12-08 23:53:00.746--Thread(Thread[main,5,main])--JavaSECMPInitializer - transformer is null.
[EL Finest]: jpa: 2023-12-08 23:53:00.746--ServerSession(1250499735)--Thread(Thread[main,5,main])--Begin predeploying Persistence Unit TodoMasterPU; session /file:/C:/Users/asahi/OneDrive/Documentos/programacion/porfolio-projects/todo-app/todo-master/todomaster/target/classes/_TodoMasterPU; state Predeployed; factoryCount 0
[EL Finest]: jpa: 2023-12-08 23:53:00.747--ServerSession(1250499735)--Thread(Thread[main,5,main])--End predeploying Persistence Unit TodoMasterPU; session /file:/C:/Users/asahi/OneDrive/Documentos/programacion/porfolio-projects/todo-app/todo-master/todomaster/target/classes/_TodoMasterPU; state Predeployed; factoryCount 1
[EL Finer]: metamodel: 2023-12-08 23:53:00.747--ServerSession(1250499735)--Thread(Thread[main,5,main])--Canonical Metamodel class [com.draekk.todomaster.models.Task_] found and instantiated during initialization.
[EL Finer]: metamodel: 2023-12-08 23:53:00.747--ServerSession(1250499735)--Thread(Thread[main,5,main])--Canonical Metamodel class [com.draekk.todomaster.models.User_] found and instantiated during initialization.
[EL Finest]: jpa: 2023-12-08 23:53:00.747--ServerSession(1250499735)--Thread(Thread[main,5,main])--Begin deploying Persistence Unit TodoMasterPU; session /file:/C:/Users/asahi/OneDrive/Documentos/programacion/porfolio-projects/todo-app/todo-master/todomaster/target/classes/_TodoMasterPU; state Predeployed; factoryCount 1
[EL Finest]: jpa: 2023-12-08 23:53:00.748--ServerSession(1250499735)--Thread(Thread[main,5,main])--Bean Validation Factory was not initialized: [javax/validation/Validation].
[EL Finest]: properties: 2023-12-08 23:53:00.749--ServerSession(1250499735)--Thread(Thread[main,5,main])--property=eclipselink.logging.level; value=FINEST; translated value=FINEST
[EL Finest]: properties: 2023-12-08 23:53:00.749--ServerSession(1250499735)--Thread(Thread[main,5,main])--property=eclipselink.logging.parameters; value=true
[EL Finest]: properties: 2023-12-08 23:53:00.749--ServerSession(1250499735)--Thread(Thread[main,5,main])--property=eclipselink.logging.level; value=FINEST; translated value=FINEST
[EL Finest]: properties: 2023-12-08 23:53:00.749--ServerSession(1250499735)--Thread(Thread[main,5,main])--property=eclipselink.logging.parameters; value=true
[EL Finest]: properties: 2023-12-08 23:53:00.75--ServerSession(1250499735)--Thread(Thread[main,5,main])--property=javax.persistence.jdbc.user; value=postgres
[EL Finest]: properties: 2023-12-08 23:53:00.75--ServerSession(1250499735)--Thread(Thread[main,5,main])--property=javax.persistence.jdbc.password; value=xxxxxx
[EL Finest]: properties: 2023-12-08 23:53:00.752--ServerSession(1250499735)--Thread(Thread[main,5,main])--property=javax.persistence.jdbc.driver; value=org.postgresql.Driver
[EL Finest]: properties: 2023-12-08 23:53:00.753--ServerSession(1250499735)--Thread(Thread[main,5,main])--property=javax.persistence.jdbc.url; value=jdbc:postgresql://monorail.proxy.rlwy.net:32742/railway
[EL Info]: 2023-12-08 23:53:00.753--ServerSession(1250499735)--Thread(Thread[main,5,main])--EclipseLink, version: Eclipse Persistence Services - 2.7.12.v20230209-e5c4074ef3
[EL Severe]: ejb: 2023-12-08 23:53:00.754--ServerSession(1250499735)--Thread(Thread[main,5,main])--Local Exception Stack: 
Exception [EclipseLink-4003] (Eclipse Persistence Services - 2.7.12.v20230209-e5c4074ef3): org.eclipse.persistence.exceptions.DatabaseException
Exception Description: Configuration error.  Class [org.postgresql.Driver] not found.
	at org.eclipse.persistence.exceptions.DatabaseException.configurationErrorClassNotFound(DatabaseException.java:91)
	at org.eclipse.persistence.sessions.DefaultConnector.loadDriverClass(DefaultConnector.java:269)
	at org.eclipse.persistence.sessions.DefaultConnector.connect(DefaultConnector.java:87)
	at org.eclipse.persistence.sessions.DatasourceLogin.connectToDatasource(DatasourceLogin.java:172)
	at org.eclipse.persistence.internal.sessions.DatabaseSessionImpl.setOrDetectDatasource(DatabaseSessionImpl.java:226)
	at org.eclipse.persistence.internal.sessions.DatabaseSessionImpl.loginAndDetectDatasource(DatabaseSessionImpl.java:810)
	at org.eclipse.persistence.internal.jpa.EntityManagerFactoryProvider.login(EntityManagerFactoryProvider.java:261)
	at org.eclipse.persistence.internal.jpa.EntityManagerSetupImpl.deploy(EntityManagerSetupImpl.java:771)
	at org.eclipse.persistence.internal.jpa.EntityManagerFactoryDelegate.getAbstractSession(EntityManagerFactoryDelegate.java:222)
	at org.eclipse.persistence.internal.jpa.EntityManagerFactoryDelegate.getDatabaseSession(EntityManagerFactoryDelegate.java:200)
	at org.eclipse.persistence.internal.jpa.EntityManagerFactoryImpl.getDatabaseSession(EntityManagerFactoryImpl.java:542)
	at org.eclipse.persistence.jpa.PersistenceProvider.createEntityManagerFactoryImpl(PersistenceProvider.java:153)
	at org.eclipse.persistence.jpa.PersistenceProvider.createEntityManagerFactory(PersistenceProvider.java:191)
	at javax.persistence.Persistence.createEntityManagerFactory(Persistence.java:80)
	at javax.persistence.Persistence.createEntityManagerFactory(Persistence.java:55)
	at com.draekk.todomaster.persistence.UserJpaController.<init>(UserJpaController.java:32)
	at com.draekk.todomaster.persistence.PersistenceController.<init>(PersistenceController.java:11)
	at com.draekk.todomaster.controllers.GeneralController.<init>(GeneralController.java:15)
	at com.draekk.todomaster.controllers.GeneralControllerTest.testGetTaskList_0args(GeneralControllerTest.java:102)
	at java.base/jdk.internal.reflect.NativeMethodAccessorImpl.invoke0(Native Method)
	at java.base/jdk.internal.reflect.NativeMethodAccessorImpl.invoke(NativeMethodAccessorImpl.java:77)
	at java.base/jdk.internal.reflect.DelegatingMethodAccessorImpl.invoke(DelegatingMethodAccessorImpl.java:43)
	at java.base/java.lang.reflect.Method.invoke(Method.java:568)
	at org.junit.platform.commons.util.ReflectionUtils.invokeMethod(ReflectionUtils.java:686)
	at org.junit.jupiter.engine.execution.MethodInvocation.proceed(MethodInvocation.java:60)
	at org.junit.jupiter.engine.execution.InvocationInterceptorChain$ValidatingInvocation.proceed(InvocationInterceptorChain.java:131)
	at org.junit.jupiter.engine.extension.TimeoutExtension.intercept(TimeoutExtension.java:149)
	at org.junit.jupiter.engine.extension.TimeoutExtension.interceptTestableMethod(TimeoutExtension.java:140)
	at org.junit.jupiter.engine.extension.TimeoutExtension.interceptTestMethod(TimeoutExtension.java:84)
	at org.junit.jupiter.engine.execution.ExecutableInvoker$ReflectiveInterceptorCall.lambda$ofVoidMethod$0(ExecutableInvoker.java:115)
	at org.junit.jupiter.engine.execution.ExecutableInvoker.lambda$invoke$0(ExecutableInvoker.java:105)
	at org.junit.jupiter.engine.execution.InvocationInterceptorChain$InterceptedInvocation.proceed(InvocationInterceptorChain.java:106)
	at org.junit.jupiter.engine.execution.InvocationInterceptorChain.proceed(InvocationInterceptorChain.java:64)
	at org.junit.jupiter.engine.execution.InvocationInterceptorChain.chainAndInvoke(InvocationInterceptorChain.java:45)
	at org.junit.jupiter.engine.execution.InvocationInterceptorChain.invoke(InvocationInterceptorChain.java:37)
	at org.junit.jupiter.engine.execution.ExecutableInvoker.invoke(ExecutableInvoker.java:104)
	at org.junit.jupiter.engine.execution.ExecutableInvoker.invoke(ExecutableInvoker.java:98)
	at org.junit.jupiter.engine.descriptor.TestMethodTestDescriptor.lambda$invokeTestMethod$6(TestMethodTestDescriptor.java:205)
	at org.junit.platform.engine.support.hierarchical.ThrowableCollector.execute(ThrowableCollector.java:73)
	at org.junit.jupiter.engine.descriptor.TestMethodTestDescriptor.invokeTestMethod(TestMethodTestDescriptor.java:201)
	at org.junit.jupiter.engine.descriptor.TestMethodTestDescriptor.execute(TestMethodTestDescriptor.java:137)
	at org.junit.jupiter.engine.descriptor.TestMethodTestDescriptor.execute(TestMethodTestDescriptor.java:71)
	at org.junit.platform.engine.support.hierarchical.NodeTestTask.lambda$executeRecursively$5(NodeTestTask.java:135)
	at org.junit.platform.engine.support.hierarchical.ThrowableCollector.execute(ThrowableCollector.java:73)
	at org.junit.platform.engine.support.hierarchical.NodeTestTask.lambda$executeRecursively$7(NodeTestTask.java:125)
	at org.junit.platform.engine.support.hierarchical.Node.around(Node.java:135)
	at org.junit.platform.engine.support.hierarchical.NodeTestTask.lambda$executeRecursively$8(NodeTestTask.java:123)
	at org.junit.platform.engine.support.hierarchical.ThrowableCollector.execute(ThrowableCollector.java:73)
	at org.junit.platform.engine.support.hierarchical.NodeTestTask.executeRecursively(NodeTestTask.java:122)
	at org.junit.platform.engine.support.hierarchical.NodeTestTask.execute(NodeTestTask.java:80)
	at java.base/java.util.ArrayList.forEach(ArrayList.java:1511)
	at org.junit.platform.engine.support.hierarchical.SameThreadHierarchicalTestExecutorService.invokeAll(SameThreadHierarchicalTestExecutorService.java:38)
	at org.junit.platform.engine.support.hierarchical.NodeTestTask.lambda$executeRecursively$5(NodeTestTask.java:139)
	at org.junit.platform.engine.support.hierarchical.ThrowableCollector.execute(ThrowableCollector.java:73)
	at org.junit.platform.engine.support.hierarchical.NodeTestTask.lambda$executeRecursively$7(NodeTestTask.java:125)
	at org.junit.platform.engine.support.hierarchical.Node.around(Node.java:135)
	at org.junit.platform.engine.support.hierarchical.NodeTestTask.lambda$executeRecursively$8(NodeTestTask.java:123)
	at org.junit.platform.engine.support.hierarchical.ThrowableCollector.execute(ThrowableCollector.java:73)
	at org.junit.platform.engine.support.hierarchical.NodeTestTask.executeRecursively(NodeTestTask.java:122)
	at org.junit.platform.engine.support.hierarchical.NodeTestTask.execute(NodeTestTask.java:80)
	at java.base/java.util.ArrayList.forEach(ArrayList.java:1511)
	at org.junit.platform.engine.support.hierarchical.SameThreadHierarchicalTestExecutorService.invokeAll(SameThreadHierarchicalTestExecutorService.java:38)
	at org.junit.platform.engine.support.hierarchical.NodeTestTask.lambda$executeRecursively$5(NodeTestTask.java:139)
	at org.junit.platform.engine.support.hierarchical.ThrowableCollector.execute(ThrowableCollector.java:73)
	at org.junit.platform.engine.support.hierarchical.NodeTestTask.lambda$executeRecursively$7(NodeTestTask.java:125)
	at org.junit.platform.engine.support.hierarchical.Node.around(Node.java:135)
	at org.junit.platform.engine.support.hierarchical.NodeTestTask.lambda$executeRecursively$8(NodeTestTask.java:123)
	at org.junit.platform.engine.support.hierarchical.ThrowableCollector.execute(ThrowableCollector.java:73)
	at org.junit.platform.engine.support.hierarchical.NodeTestTask.executeRecursively(NodeTestTask.java:122)
	at org.junit.platform.engine.support.hierarchical.NodeTestTask.execute(NodeTestTask.java:80)
	at org.junit.platform.engine.support.hierarchical.SameThreadHierarchicalTestExecutorService.submit(SameThreadHierarchicalTestExecutorService.java:32)
	at org.junit.platform.engine.support.hierarchical.HierarchicalTestExecutor.execute(HierarchicalTestExecutor.java:57)
	at org.junit.platform.engine.support.hierarchical.HierarchicalTestEngine.execute(HierarchicalTestEngine.java:51)
	at org.junit.platform.launcher.core.DefaultLauncher.execute(DefaultLauncher.java:248)
	at org.junit.platform.launcher.core.DefaultLauncher.lambda$execute$5(DefaultLauncher.java:211)
	at org.junit.platform.launcher.core.DefaultLauncher.withInterceptedStreams(DefaultLauncher.java:226)
	at org.junit.platform.launcher.core.DefaultLauncher.execute(DefaultLauncher.java:199)
	at org.junit.platform.launcher.core.DefaultLauncher.execute(DefaultLauncher.java:132)
	at org.apache.maven.surefire.junitplatform.LazyLauncher.execute(LazyLauncher.java:56)
	at org.apache.maven.surefire.junitplatform.JUnitPlatformProvider.execute(JUnitPlatformProvider.java:184)
	at org.apache.maven.surefire.junitplatform.JUnitPlatformProvider.invokeAllTests(JUnitPlatformProvider.java:148)
	at org.apache.maven.surefire.junitplatform.JUnitPlatformProvider.invoke(JUnitPlatformProvider.java:122)
	at org.apache.maven.surefire.booter.ForkedBooter.runSuitesInProcess(ForkedBooter.java:385)
	at org.apache.maven.surefire.booter.ForkedBooter.execute(ForkedBooter.java:162)
	at org.apache.maven.surefire.booter.ForkedBooter.run(ForkedBooter.java:507)
	at org.apache.maven.surefire.booter.ForkedBooter.main(ForkedBooter.java:495)

[EL Finest]: jpa: 2023-12-08 23:53:00.755--ServerSession(1250499735)--Thread(Thread[main,5,main])--End deploying Persistence Unit TodoMasterPU; session /file:/C:/Users/asahi/OneDrive/Documentos/programacion/porfolio-projects/todo-app/todo-master/todomaster/target/classes/_TodoMasterPU; state HalfDeployed; factoryCount 1
[EL Finest]: jpa: 2023-12-08 23:53:00.755--ServerSession(1250499735)--Thread(Thread[main,5,main])--Begin undeploying Persistence Unit TodoMasterPU; session /file:/C:/Users/asahi/OneDrive/Documentos/programacion/porfolio-projects/todo-app/todo-master/todomaster/target/classes/_TodoMasterPU; state HalfDeployed; factoryCount 1
[EL Finest]: jpa: 2023-12-08 23:53:00.755--ServerSession(1250499735)--Thread(Thread[main,5,main])--End undeploying Persistence Unit TodoMasterPU; session /file:/C:/Users/asahi/OneDrive/Documentos/programacion/porfolio-projects/todo-app/todo-master/todomaster/target/classes/_TodoMasterPU; state Undeployed; factoryCount 0
]]></system-out>
  </testcase>
</testsuite>